Log file open, 09/15/22 12:53:04
LogWindows: Failed to load 'aqProf.dll' (GetLastError=126)
LogWindows: File 'aqProf.dll' does not exist
LogWindows: Failed to load 'VtuneApi.dll' (GetLastError=126)
LogWindows: File 'VtuneApi.dll' does not exist
LogWindows: Failed to load 'VtuneApi32e.dll' (GetLastError=126)
LogWindows: File 'VtuneApi32e.dll' does not exist
LogConsoleResponse: Display: Failed to find resolution value strings in scalability ini. Falling back to default.
LogConsoleResponse: Display: Failed to find resolution value strings in scalability ini. Falling back to default.
LogInit: Display: Running engine for game: BabaYagaDomeProject
LogPlatformFile: Not using cached read wrapper
LogTaskGraph: Started task graph with 5 named threads and 47 total threads with 3 sets of task threads.
LogStats: Stats thread started at 1.301203
LogICUInternationalization: ICU TimeZone Detection - Raw Offset: +0:00, Platform Override: ''
LogInit: Display: Loading text-based GConfig....
LogPluginManager: Mounting plugin BlockoutToolsPlugin
LogPluginManager: Mounting plugin MeshPainting
LogPluginManager: Mounting plugin XGEController
LogPluginManager: Mounting plugin AISupport
LogPluginManager: Mounting plugin LightPropagationVolume
LogPluginManager: Mounting plugin Paper2D
LogPluginManager: Mounting plugin EnvironmentQueryEditor
LogPluginManager: Mounting plugin LiveLink
LogPluginManager: Mounting plugin CameraShakePreviewer
LogPluginManager: Mounting plugin GameplayCameras
LogPluginManager: Mounting plugin AnimationSharing
LogPluginManager: Mounting plugin CLionSourceCodeAccess
LogPluginManager: Mounting plugin CodeLiteSourceCodeAccess
LogPluginManager: Mounting plugin GitSourceControl
LogPluginManager: Mounting plugin KDevelopSourceCodeAccess
LogPluginManager: Mounting plugin NullSourceCodeAccess
LogPluginManager: Mounting plugin PerforceSourceControl
LogPluginManager: Mounting plugin PixWinPlugin
LogPluginManager: Mounting plugin PlasticSourceControl
LogPluginManager: Mounting plugin PluginUtils
LogPluginManager: Mounting plugin PropertyAccessNode
LogPluginManager: Mounting plugin SubversionSourceControl
LogPluginManager: Mounting plugin OodleData
LogPluginManager: Mounting plugin OodleNetwork
LogPluginManager: Mounting plugin RiderSourceCodeAccess
LogPluginManager: Mounting plugin AssetManagerEditor
LogPluginManager: Mounting plugin TextureFormatOodle
LogPluginManager: Mounting plugin UObjectPlugin
LogPluginManager: Mounting plugin VisualStudioCodeSourceCodeAccess
LogPluginManager: Mounting plugin XCodeSourceCodeAccess
LogPluginManager: Mounting plugin VisualStudioSourceCodeAccess
LogPluginManager: Mounting plugin CryptoKeys
LogPluginManager: Mounting plugin CurveEditorTools
LogPluginManager: Mounting plugin DataValidation
LogPluginManager: Mounting plugin FacialAnimation
LogPluginManager: Mounting plugin GameplayTagsEditor
LogPluginManager: Mounting plugin GeometryMode
LogPluginManager: Mounting plugin AlembicImporter
LogPluginManager: Mounting plugin MaterialAnalyzer
LogPluginManager: Mounting plugin MacGraphicsSwitching
LogPluginManager: Mounting plugin PluginBrowser
LogPluginManager: Mounting plugin MobileLauncherProfileWizard
LogPluginManager: Mounting plugin SpeedTreeImporter
LogPluginManager: Mounting plugin AutomationUtils
LogPluginManager: Mounting plugin BackChannel
LogPluginManager: Mounting plugin ChaosCloth
LogPluginManager: Mounting plugin ChaosClothEditor
LogPluginManager: Mounting plugin DatasmithContent
LogPluginManager: Mounting plugin ChaosEditor
LogPluginManager: Mounting plugin ChaosSolverPlugin
LogPluginManager: Mounting plugin CharacterAI
LogPluginManager: Mounting plugin ChaosNiagara
LogPluginManager: Mounting plugin GeometryCache
LogPluginManager: Mounting plugin GeometryCollectionPlugin
LogPluginManager: Mounting plugin VariantManagerContent
LogPluginManager: Mounting plugin GeometryProcessing
LogPluginManager: Mounting plugin MotoSynth
LogPluginManager: Mounting plugin OpenImageDenoise
LogPluginManager: Mounting plugin PlanarCut
LogPluginManager: Mounting plugin PlatformCrypto
LogPluginManager: Mounting plugin ProxyLODPlugin
LogPluginManager: Mounting plugin PythonScriptPlugin
LogPluginManager: Mounting plugin SkeletalReduction
LogPluginManager: Mounting plugin Niagara
LogPluginManager: Mounting plugin Substance
LogPluginManager: Mounting plugin LuminPlatformFeatures
LogPluginManager: Mounting plugin MagicLeap
LogPluginManager: Mounting plugin MagicLeapLightEstimation
LogPluginManager: Mounting plugin MagicLeapMedia
LogPluginManager: Mounting plugin MagicLeapPassableWorld
LogPluginManager: Mounting plugin MLSDK
LogPluginManager: Mounting plugin AndroidMedia
LogPluginManager: Mounting plugin AvfMedia
LogPluginManager: Mounting plugin ImgMedia
LogPluginManager: Mounting plugin UdpMessaging
LogPluginManager: Mounting plugin TcpMessaging
LogPluginManager: Mounting plugin MediaCompositing
LogPluginManager: Mounting plugin MediaPlayerEditor
LogPluginManager: Mounting plugin WebMMedia
LogPluginManager: Mounting plugin WmfMedia
LogPluginManager: Mounting plugin ActorSequence
LogPluginManager: Mounting plugin MatineeToLevelSequence
LogPluginManager: Mounting plugin LevelSequenceEditor
LogPluginManager: Mounting plugin OnlineSubsystem
LogPluginManager: Mounting plugin LauncherChunkInstaller
LogPluginManager: Mounting plugin OnlineSubsystemNull
LogPluginManager: Mounting plugin TemplateSequence
LogPluginManager: Mounting plugin ActorLayerUtilities
LogPluginManager: Mounting plugin OnlineSubsystemUtils
LogPluginManager: Mounting plugin AndroidMoviePlayer
LogPluginManager: Mounting plugin AndroidDeviceProfileSelector
LogPluginManager: Mounting plugin AndroidPermission
LogPluginManager: Mounting plugin AppleImageUtils
LogPluginManager: Mounting plugin AppleMoviePlayer
LogPluginManager: Mounting plugin AssetTags
LogPluginManager: Mounting plugin ArchVisCharacter
LogPluginManager: Mounting plugin AudioCapture
LogPluginManager: Mounting plugin AudioSynesthesia
LogPluginManager: Mounting plugin CableComponent
LogPluginManager: Mounting plugin ChunkDownloader
LogPluginManager: Mounting plugin CustomMeshComponent
LogPluginManager: Mounting plugin EditableMesh
LogPluginManager: Mounting plugin ExampleDeviceProfileSelector
LogPluginManager: Mounting plugin GoogleCloudMessaging
LogPluginManager: Mounting plugin GooglePAD
LogPluginManager: Mounting plugin IOSDeviceProfileSelector
LogPluginManager: Mounting plugin LinuxDeviceProfileSelector
LogPluginManager: Mounting plugin LocationServicesBPLibrary
LogPluginManager: Mounting plugin MobilePatchingUtils
LogPluginManager: Mounting plugin ScreenshotTools
LogPluginManager: Mounting plugin OpenXR
LogPluginManager: Mounting plugin OpenXREyeTracker
LogPluginManager: Mounting plugin OpenXRHandTracking
LogPluginManager: Mounting plugin PhysXVehicles
LogPluginManager: Mounting plugin PostSplashScreen
LogPluginManager: Mounting plugin ProceduralMeshComponent
LogPluginManager: Mounting plugin PropertyAccessEditor
LogPluginManager: Mounting plugin RuntimePhysXCooking
LogPluginManager: Mounting plugin SignificanceManager
LogPluginManager: Mounting plugin SoundFields
LogPluginManager: Mounting plugin Synthesis
LogPluginManager: Mounting plugin WebMMoviePlayer
LogPluginManager: Mounting plugin Takes
LogPluginManager: Mounting plugin WindowsMoviePlayer
LogPluginManager: Mounting plugin ContentBrowserAssetDataSource
LogPluginManager: Mounting plugin ContentBrowserClassDataSource
LogPluginManager: Mounting plugin ContentBrowserFileDataSource
LogPluginManager: Mounting plugin OnlineSubsystemGooglePlay
LogPluginManager: Mounting plugin OnlineSubsystemIOS
LogPluginManager: Mounting plugin OculusVR
LogPluginManager: Mounting plugin SteamVR
PixWinPlugin: PIX capture plugin failed to initialize! Check that the process is launched from PIX.
LogInit: Using libcurl 7.55.1-DEV
LogInit:  - built for x86_64-pc-win32
LogInit:  - supports SSL with OpenSSL/1.1.1
LogInit:  - supports HTTP deflate (compression) using libz 1.2.8
LogInit:  - other features:
LogInit:      CURL_VERSION_SSL
LogInit:      CURL_VERSION_LIBZ
LogInit:      CURL_VERSION_IPV6
LogInit:      CURL_VERSION_ASYNCHDNS
LogInit:      CURL_VERSION_LARGEFILE
LogInit:      CURL_VERSION_IDN
LogInit:  CurlRequestOptions (configurable via config and command line):
LogInit:  - bVerifyPeer = true  - Libcurl will verify peer certificate
LogInit:  - bUseHttpProxy = false  - Libcurl will NOT use HTTP proxy
LogInit:  - bDontReuseConnections = false  - Libcurl will reuse connections
LogInit:  - MaxHostConnections = 16  - Libcurl will limit the number of connections to a host
LogInit:  - LocalHostAddr = Default
LogInit:  - BufferSize = 65536
LogOnline: OSS: Creating online subsystem instance for: NULL
LogInit: WinSock: version 1.1 (2.2), MaxSocks=32767, MaxUdp=65467
LogOnline: OSS: TryLoadSubsystemAndSetDefault: Loaded subsystem for module [NULL]
LogOculusPluginWrapper: OculusPlugin initialized successfully
LogHMD: Failed initializing OVRPlugin 1.59.0
LogInit: Build: ++UE4+Release-4.27-CL-18319896
LogInit: Engine Version: 4.27.2-18319896+++UE4+Release-4.27
LogInit: Compatible Engine Version: 4.27.0-17155196+++UE4+Release-4.27
LogInit: Net CL: 17155196
LogInit: OS: Windows 10 (Release 2009) (), CPU: AMD Ryzen 7 3700X 8-Core Processor             , GPU: NVIDIA GeForce GTX 1060 6GB
LogInit: Compiled (64-bit): Nov 30 2021 07:12:08
LogInit: Compiled with Visual C++: 19.24.28315.00
LogInit: Build Configuration: Development
LogInit: Branch Name: ++UE4+Release-4.27
LogInit: Command Line: 
LogInit: Base Directory: D:/UE_4.27/Engine/Binaries/Win64/
LogInit: Allocator: TBB
LogInit: Installed Engine Build: 1
LogDevObjectVersion: Number of dev versions registered: 29
LogDevObjectVersion:   Dev-Blueprints (B0D832E4-1F89-4F0D-ACCF-7EB736FD4AA2): 10
LogDevObjectVersion:   Dev-Build (E1C64328-A22C-4D53-A36C-8E866417BD8C): 0
LogDevObjectVersion:   Dev-Core (375EC13C-06E4-48FB-B500-84F0262A717E): 4
LogDevObjectVersion:   Dev-Editor (E4B068ED-F494-42E9-A231-DA0B2E46BB41): 40
LogDevObjectVersion:   Dev-Framework (CFFC743F-43B0-4480-9391-14DF171D2073): 37
LogDevObjectVersion:   Dev-Mobile (B02B49B5-BB20-44E9-A304-32B752E40360): 3
LogDevObjectVersion:   Dev-Networking (A4E4105C-59A1-49B5-A7C5-40C4547EDFEE): 0
LogDevObjectVersion:   Dev-Online (39C831C9-5AE6-47DC-9A44-9C173E1C8E7C): 0
LogDevObjectVersion:   Dev-Physics (78F01B33-EBEA-4F98-B9B4-84EACCB95AA2): 14
LogDevObjectVersion:   Dev-Platform (6631380F-2D4D-43E0-8009-CF276956A95A): 0
LogDevObjectVersion:   Dev-Rendering (12F88B9F-8875-4AFC-A67C-D90C383ABD29): 45
LogDevObjectVersion:   Dev-Sequencer (7B5AE74C-D270-4C10-A958-57980B212A5A): 13
LogDevObjectVersion:   Dev-VR (D7296918-1DD6-4BDD-9DE2-64A83CC13884): 3
LogDevObjectVersion:   Dev-LoadTimes (C2A15278-BFE7-4AFE-6C17-90FF531DF755): 1
LogDevObjectVersion:   Private-Geometry (6EACA3D4-40EC-4CC1-B786-8BED09428FC5): 3
LogDevObjectVersion:   Dev-AnimPhys (29E575DD-E0A3-4627-9D10-D276232CDCEA): 17
LogDevObjectVersion:   Dev-Anim (AF43A65D-7FD3-4947-9873-3E8ED9C1BB05): 15
LogDevObjectVersion:   Dev-ReflectionCapture (6B266CEC-1EC7-4B8F-A30B-E4D90942FC07): 1
LogDevObjectVersion:   Dev-Automation (0DF73D61-A23F-47EA-B727-89E90C41499A): 1
LogDevObjectVersion:   FortniteMain (601D1886-AC64-4F84-AA16-D3DE0DEAC7D6): 47
LogDevObjectVersion:   FortniteRelease (E7086368-6B23-4C58-8439-1B7016265E91): 1
LogDevObjectVersion:   Dev-Enterprise (9DFFBCD6-494F-0158-E221-12823C92A888): 10
LogDevObjectVersion:   Dev-Niagara (F2AED0AC-9AFE-416F-8664-AA7FFA26D6FC): 1
LogDevObjectVersion:   Dev-Destruction (174F1F0B-B4C6-45A5-B13F-2EE8D0FB917D): 10
LogDevObjectVersion:   Dev-Physics-Ext (35F94A83-E258-406C-A318-09F59610247C): 41
LogDevObjectVersion:   Dev-PhysicsMaterial-Chaos (B68FC16E-8B1B-42E2-B453-215C058844FE): 1
LogDevObjectVersion:   Dev-CineCamera (B2E18506-4273-CFC2-A54E-F4BB758BBA07): 1
LogDevObjectVersion:   Dev-VirtualProduction (64F58936-FD1B-42BA-BA96-7289D5D0FA4E): 1
LogDevObjectVersion:   Dev-MediaFramework (6F0ED827-A609-4895-9C91-998D90180EA4): 2
LogInit: Presizing for max 25165824 objects, including 0 objects not considered by GC, pre-allocating 0 bytes for permanent pool.
LogConfig: Applying CVar settings from Section [/Script/Engine.StreamingSettings] File [C:/Users/karlo/OneDrive/Documents/GitHub/DomeProject/Saved/Config/Windows/Engine.ini]
LogConfig: Setting CVar [[s.MinBulkDataSizeForAsyncLoading:131072]]
LogConfig: Setting CVar [[s.AsyncLoadingThreadEnabled:0]]
LogConfig: Setting CVar [[s.EventDrivenLoaderEnabled:1]]
LogConfig: Setting CVar [[s.WarnIfTimeLimitExceeded:0]]
LogConfig: Setting CVar [[s.TimeLimitExceededMultiplier:1.5]]
LogConfig: Setting CVar [[s.TimeLimitExceededMinTime:0.005]]
LogConfig: Setting CVar [[s.UseBackgroundLevelStreaming:1]]
LogConfig: Setting CVar [[s.PriorityAsyncLoadingExtraTime:15.0]]
LogConfig: Setting CVar [[s.LevelStreamingActorsUpdateTimeLimit:5.0]]
LogConfig: Setting CVar [[s.PriorityLevelStreamingActorsUpdateExtraTime:5.0]]
LogConfig: Setting CVar [[s.LevelStreamingComponentsRegistrationGranularity:10]]
LogConfig: Setting CVar [[s.UnregisterComponentsTimeLimit:1.0]]
LogConfig: Setting CVar [[s.LevelStreamingComponentsUnregistrationGranularity:5]]
LogConfig: Setting CVar [[s.FlushStreamingOnExit:1]]
LogInit: Object subsystem initialized
LogConfig: Setting CVar [[con.DebugEarlyDefault:1]]
LogConfig: Setting CVar [[r.setres:1280x720]]
[2022.09.15-11.53.07:239][  0]LogConfig: Setting CVar [[r.VSync:0]]
[2022.09.15-11.53.07:239][  0]LogConfig: Setting CVar [[r.RHICmdBypass:0]]
[2022.09.15-11.53.07:239][  0]LogConfig: Applying CVar settings from Section [/Script/Engine.RendererSettings] File [C:/Users/karlo/OneDrive/Documents/GitHub/DomeProject/Saved/Config/Windows/Engine.ini]
[2022.09.15-11.53.07:239][  0]LogConfig: Setting CVar [[r.GPUCrashDebugging:0]]
[2022.09.15-11.53.07:239][  0]LogConfig: Setting CVar [[r.DefaultFeature.AutoExposure:0]]
[2022.09.15-11.53.07:239][  0]LogConfig: Setting CVar [[r.DefaultFeature.AutoExposure.Method:2]]
[2022.09.15-11.53.07:239][  0]LogConfig: Applying CVar settings from Section [/Script/Engine.RendererOverrideSettings] File [C:/Users/karlo/OneDrive/Documents/GitHub/DomeProject/Saved/Config/Windows/Engine.ini]
[2022.09.15-11.53.07:239][  0]LogConfig: Applying CVar settings from Section [/Script/Engine.StreamingSettings] File [C:/Users/karlo/OneDrive/Documents/GitHub/DomeProject/Saved/Config/Windows/Engine.ini]
[2022.09.15-11.53.07:239][  0]LogConfig: Setting CVar [[s.MinBulkDataSizeForAsyncLoading:131072]]
[2022.09.15-11.53.07:239][  0]LogConfig: Setting CVar [[s.AsyncLoadingThreadEnabled:0]]
[2022.09.15-11.53.07:239][  0]LogConfig: Setting CVar [[s.EventDrivenLoaderEnabled:1]]
[2022.09.15-11.53.07:239][  0]LogConfig: Setting CVar [[s.WarnIfTimeLimitExceeded:0]]
[2022.09.15-11.53.07:239][  0]LogConfig: Setting CVar [[s.TimeLimitExceededMultiplier:1.5]]
[2022.09.15-11.53.07:239][  0]LogConfig: Setting CVar [[s.TimeLimitExceededMinTime:0.005]]
[2022.09.15-11.53.07:239][  0]LogConfig: Setting CVar [[s.UseBackgroundLevelStreaming:1]]
[2022.09.15-11.53.07:239][  0]LogConfig: Setting CVar [[s.PriorityAsyncLoadingExtraTime:15.0]]
[2022.09.15-11.53.07:239][  0]LogConfig: Setting CVar [[s.LevelStreamingActorsUpdateTimeLimit:5.0]]
[2022.09.15-11.53.07:239][  0]LogConfig: Setting CVar [[s.PriorityLevelStreamingActorsUpdateExtraTime:5.0]]
[2022.09.15-11.53.07:239][  0]LogConfig: Setting CVar [[s.LevelStreamingComponentsRegistrationGranularity:10]]
[2022.09.15-11.53.07:239][  0]LogConfig: Setting CVar [[s.UnregisterComponentsTimeLimit:1.0]]
[2022.09.15-11.53.07:239][  0]LogConfig: Setting CVar [[s.LevelStreamingComponentsUnregistrationGranularity:5]]
[2022.09.15-11.53.07:239][  0]LogConfig: Setting CVar [[s.FlushStreamingOnExit:1]]
[2022.09.15-11.53.07:239][  0]LogConfig: Applying CVar settings from Section [/Script/Engine.GarbageCollectionSettings] File [C:/Users/karlo/OneDrive/Documents/GitHub/DomeProject/Saved/Config/Windows/Engine.ini]
[2022.09.15-11.53.07:239][  0]LogConfig: Setting CVar [[gc.MaxObjectsNotConsideredByGC:1]]
[2022.09.15-11.53.07:239][  0]LogConfig: Setting CVar [[gc.SizeOfPermanentObjectPool:0]]
[2022.09.15-11.53.07:239][  0]LogConfig: Setting CVar [[gc.FlushStreamingOnGC:0]]
[2022.09.15-11.53.07:239][  0]LogConfig: Setting CVar [[gc.NumRetriesBeforeForcingGC:10]]
[2022.09.15-11.53.07:239][  0]LogConfig: Setting CVar [[gc.AllowParallelGC:1]]
[2022.09.15-11.53.07:239][  0]LogConfig: Setting CVar [[gc.TimeBetweenPurgingPendingKillObjects:61.1]]
[2022.09.15-11.53.07:239][  0]LogConfig: Setting CVar [[gc.MaxObjectsInEditor:25165824]]
[2022.09.15-11.53.07:239][  0]LogConfig: Setting CVar [[gc.IncrementalBeginDestroyEnabled:1]]
[2022.09.15-11.53.07:239][  0]LogConfig: Setting CVar [[gc.CreateGCClusters:1]]
[2022.09.15-11.53.07:239][  0]LogConfig: Setting CVar [[gc.MinGCClusterSize:5]]
[2022.09.15-11.53.07:239][  0]LogConfig: Setting CVar [[gc.ActorClusteringEnabled:0]]
[2022.09.15-11.53.07:239][  0]LogConfig: Setting CVar [[gc.BlueprintClusteringEnabled:0]]
[2022.09.15-11.53.07:239][  0]LogConfig: Setting CVar [[gc.UseDisregardForGCOnDedicatedServers:0]]
[2022.09.15-11.53.07:239][  0]LogConfig: Setting CVar [[gc.MultithreadedDestructionEnabled:1]]
[2022.09.15-11.53.07:239][  0]LogConfig: Applying CVar settings from Section [/Script/Engine.NetworkSettings] File [C:/Users/karlo/OneDrive/Documents/GitHub/DomeProject/Saved/Config/Windows/Engine.ini]
[2022.09.15-11.53.07:239][  0]LogConfig: Applying CVar settings from Section [/Script/UnrealEd.CookerSettings] File [C:/Users/karlo/OneDrive/Documents/GitHub/DomeProject/Saved/Config/Windows/Engine.ini]
[2022.09.15-11.53.07:273][  0]LogConfig: Applying CVar settings from Section [ViewDistanceQuality@3] File [C:/Users/karlo/OneDrive/Documents/GitHub/DomeProject/Saved/Config/Windows/Scalability.ini]
[2022.09.15-11.53.07:274][  0]LogConfig: Setting CVar [[r.SkeletalMeshLODBias:0]]
[2022.09.15-11.53.07:274][  0]LogConfig: Setting CVar [[r.ViewDistanceScale:1.0]]
[2022.09.15-11.53.07:274][  0]LogConfig: Applying CVar settings from Section [AntiAliasingQuality@3] File [C:/Users/karlo/OneDrive/Documents/GitHub/DomeProject/Saved/Config/Windows/Scalability.ini]
[2022.09.15-11.53.07:274][  0]LogConfig: Setting CVar [[r.PostProcessAAQuality:4]]
[2022.09.15-11.53.07:274][  0]LogConfig: Applying CVar settings from Section [ShadowQuality@3] File [C:/Users/karlo/OneDrive/Documents/GitHub/DomeProject/Saved/Config/Windows/Scalability.ini]
[2022.09.15-11.53.07:274][  0]LogConfig: Setting CVar [[r.LightFunctionQuality:1]]
[2022.09.15-11.53.07:274][  0]LogConfig: Setting CVar [[r.ShadowQuality:5]]
[2022.09.15-11.53.07:274][  0]LogConfig: Setting CVar [[r.Shadow.CSM.MaxCascades:10]]
[2022.09.15-11.53.07:274][  0]LogConfig: Setting CVar [[r.Shadow.MaxResolution:2048]]
[2022.09.15-11.53.07:274][  0]LogConfig: Setting CVar [[r.Shadow.MaxCSMResolution:2048]]
[2022.09.15-11.53.07:274][  0]LogConfig: Setting CVar [[r.Shadow.RadiusThreshold:0.01]]
[2022.09.15-11.53.07:274][  0]LogConfig: Setting CVar [[r.Shadow.DistanceScale:1.0]]
[2022.09.15-11.53.07:274][  0]LogConfig: Setting CVar [[r.Shadow.CSM.TransitionScale:1.0]]
[2022.09.15-11.53.07:274][  0]LogConfig: Setting CVar [[r.Shadow.PreShadowResolutionFactor:1.0]]
[2022.09.15-11.53.07:274][  0]LogConfig: Setting CVar [[r.DistanceFieldShadowing:1]]
[2022.09.15-11.53.07:274][  0]LogConfig: Setting CVar [[r.DistanceFieldAO:1]]
[2022.09.15-11.53.07:274][  0]LogConfig: Setting CVar [[r.AOQuality:2]]
[2022.09.15-11.53.07:274][  0]LogConfig: Setting CVar [[r.VolumetricFog:1]]
[2022.09.15-11.53.07:274][  0]LogConfig: Setting CVar [[r.VolumetricFog.GridPixelSize:8]]
[2022.09.15-11.53.07:274][  0]LogConfig: Setting CVar [[r.VolumetricFog.GridSizeZ:128]]
[2022.09.15-11.53.07:274][  0]LogConfig: Setting CVar [[r.VolumetricFog.HistoryMissSupersampleCount:4]]
[2022.09.15-11.53.07:274][  0]LogConfig: Setting CVar [[r.LightMaxDrawDistanceScale:1]]
[2022.09.15-11.53.07:274][  0]LogConfig: Setting CVar [[r.CapsuleShadows:1]]
[2022.09.15-11.53.07:274][  0]LogConfig: Applying CVar settings from Section [PostProcessQuality@3] File [C:/Users/karlo/OneDrive/Documents/GitHub/DomeProject/Saved/Config/Windows/Scalability.ini]
[2022.09.15-11.53.07:274][  0]LogConfig: Setting CVar [[r.MotionBlurQuality:4]]
[2022.09.15-11.53.07:274][  0]LogConfig: Setting CVar [[r.AmbientOcclusionMipLevelFactor:0.4]]
[2022.09.15-11.53.07:274][  0]LogConfig: Setting CVar [[r.AmbientOcclusionMaxQuality:100]]
[2022.09.15-11.53.07:274][  0]LogConfig: Setting CVar [[r.AmbientOcclusionLevels:-1]]
[2022.09.15-11.53.07:274][  0]LogConfig: Setting CVar [[r.AmbientOcclusionRadiusScale:1.0]]
[2022.09.15-11.53.07:274][  0]LogConfig: Setting CVar [[r.DepthOfFieldQuality:2]]
[2022.09.15-11.53.07:274][  0]LogConfig: Setting CVar [[r.RenderTargetPoolMin:400]]
[2022.09.15-11.53.07:274][  0]LogConfig: Setting CVar [[r.LensFlareQuality:2]]
[2022.09.15-11.53.07:274][  0]LogConfig: Setting CVar [[r.SceneColorFringeQuality:1]]
[2022.09.15-11.53.07:274][  0]LogConfig: Setting CVar [[r.EyeAdaptationQuality:2]]
[2022.09.15-11.53.07:274][  0]LogConfig: Setting CVar [[r.BloomQuality:5]]
[2022.09.15-11.53.07:274][  0]LogConfig: Setting CVar [[r.FastBlurThreshold:100]]
[2022.09.15-11.53.07:274][  0]LogConfig: Setting CVar [[r.Upscale.Quality:3]]
[2022.09.15-11.53.07:274][  0]LogConfig: Setting CVar [[r.Tonemapper.GrainQuantization:1]]
[2022.09.15-11.53.07:274][  0]LogConfig: Setting CVar [[r.LightShaftQuality:1]]
[2022.09.15-11.53.07:274][  0]LogConfig: Setting CVar [[r.Filter.SizeScale:1]]
[2022.09.15-11.53.07:274][  0]LogConfig: Setting CVar [[r.Tonemapper.Quality:5]]
[2022.09.15-11.53.07:274][  0]LogConfig: Setting CVar [[r.DOF.Gather.AccumulatorQuality:1        ; higher gathering accumulator quality]]
[2022.09.15-11.53.07:274][  0]LogConfig: Setting CVar [[r.DOF.Gather.PostfilterMethod:1          ; Median3x3 postfilering method]]
[2022.09.15-11.53.07:274][  0]LogConfig: Setting CVar [[r.DOF.Gather.EnableBokehSettings:0       ; no bokeh simulation when gathering]]
[2022.09.15-11.53.07:274][  0]LogConfig: Setting CVar [[r.DOF.Gather.RingCount:4                 ; medium number of samples when gathering]]
[2022.09.15-11.53.07:274][  0]LogConfig: Setting CVar [[r.DOF.Scatter.ForegroundCompositing:1    ; additive foreground scattering]]
[2022.09.15-11.53.07:274][  0]LogConfig: Setting CVar [[r.DOF.Scatter.BackgroundCompositing:2    ; additive background scattering]]
[2022.09.15-11.53.07:274][  0]LogConfig: Setting CVar [[r.DOF.Scatter.EnableBokehSettings:1      ; bokeh simulation when scattering]]
[2022.09.15-11.53.07:274][  0]LogConfig: Setting CVar [[r.DOF.Scatter.MaxSpriteRatio:0.1         ; only a maximum of 10% of scattered bokeh]]
[2022.09.15-11.53.07:274][  0]LogConfig: Setting CVar [[r.DOF.Recombine.Quality:1                ; cheap slight out of focus]]
[2022.09.15-11.53.07:274][  0]LogConfig: Setting CVar [[r.DOF.Recombine.EnableBokehSettings:0    ; no bokeh simulation on slight out of focus]]
[2022.09.15-11.53.07:274][  0]LogConfig: Setting CVar [[r.DOF.TemporalAAQuality:1                ; more stable temporal accumulation]]
[2022.09.15-11.53.07:274][  0]LogConfig: Setting CVar [[r.DOF.Kernel.MaxForegroundRadius:0.025]]
[2022.09.15-11.53.07:274][  0]LogConfig: Setting CVar [[r.DOF.Kernel.MaxBackgroundRadius:0.025]]
[2022.09.15-11.53.07:274][  0]LogConfig: Applying CVar settings from Section [TextureQuality@3] File [C:/Users/karlo/OneDrive/Documents/GitHub/DomeProject/Saved/Config/Windows/Scalability.ini]
[2022.09.15-11.53.07:274][  0]LogConfig: Setting CVar [[r.Streaming.MipBias:0]]
[2022.09.15-11.53.07:274][  0]LogConfig: Setting CVar [[r.Streaming.AmortizeCPUToGPUCopy:0]]
[2022.09.15-11.53.07:274][  0]LogConfig: Setting CVar [[r.Streaming.MaxNumTexturesToStreamPerFrame:0]]
[2022.09.15-11.53.07:274][  0]LogConfig: Setting CVar [[r.Streaming.Boost:1]]
[2022.09.15-11.53.07:274][  0]LogConfig: Setting CVar [[r.MaxAnisotropy:8]]
[2022.09.15-11.53.07:274][  0]LogConfig: Setting CVar [[r.VT.MaxAnisotropy:8]]
[2022.09.15-11.53.07:274][  0]LogConfig: Setting CVar [[r.Streaming.LimitPoolSizeToVRAM:0]]
[2022.09.15-11.53.07:274][  0]LogConfig: Setting CVar [[r.Streaming.PoolSize:1000]]
[2022.09.15-11.53.07:274][  0]LogConfig: Setting CVar [[r.Streaming.MaxEffectiveScreenSize:0]]
[2022.09.15-11.53.07:274][  0]LogConfig: Applying CVar settings from Section [EffectsQuality@3] File [C:/Users/karlo/OneDrive/Documents/GitHub/DomeProject/Saved/Config/Windows/Scalability.ini]
[2022.09.15-11.53.07:274][  0]LogConfig: Setting CVar [[r.TranslucencyLightingVolumeDim:64]]
[2022.09.15-11.53.07:274][  0]LogConfig: Setting CVar [[r.RefractionQuality:2]]
[2022.09.15-11.53.07:274][  0]LogConfig: Setting CVar [[r.SSR.Quality:3]]
[2022.09.15-11.53.07:274][  0]LogConfig: Setting CVar [[r.SSR.HalfResSceneColor:0]]
[2022.09.15-11.53.07:274][  0]LogConfig: Setting CVar [[r.SceneColorFormat:4]]
[2022.09.15-11.53.07:274][  0]LogConfig: Setting CVar [[r.DetailMode:2]]
[2022.09.15-11.53.07:274][  0]LogConfig: Setting CVar [[r.TranslucencyVolumeBlur:1]]
[2022.09.15-11.53.07:274][  0]LogConfig: Setting CVar [[r.MaterialQualityLevel:1 ; High quality]]
[2022.09.15-11.53.07:274][  0]LogConfig: Setting CVar [[r.AnisotropicMaterials:1]]
[2022.09.15-11.53.07:274][  0]LogConfig: Setting CVar [[r.SSS.Scale:1]]
[2022.09.15-11.53.07:274][  0]LogConfig: Setting CVar [[r.SSS.SampleSet:2]]
[2022.09.15-11.53.07:274][  0]LogConfig: Setting CVar [[r.SSS.Quality:1]]
[2022.09.15-11.53.07:274][  0]LogConfig: Setting CVar [[r.SSS.HalfRes:0]]
[2022.09.15-11.53.07:274][  0]LogConfig: Setting CVar [[r.SSGI.Quality:3]]
[2022.09.15-11.53.07:274][  0]LogConfig: Setting CVar [[r.EmitterSpawnRateScale:1.0]]
[2022.09.15-11.53.07:274][  0]LogConfig: Setting CVar [[r.ParticleLightQuality:2]]
[2022.09.15-11.53.07:274][  0]LogConfig: Setting CVar [[r.SkyAtmosphere.AerialPerspectiveLUT.FastApplyOnOpaque:1 ; Always have FastSkyLUT 1 in this case to avoid wrong sky]]
[2022.09.15-11.53.07:274][  0]LogConfig: Setting CVar [[r.SkyAtmosphere.AerialPerspectiveLUT.SampleCountMaxPerSlice:4]]
[2022.09.15-11.53.07:274][  0]LogConfig: Setting CVar [[r.SkyAtmosphere.AerialPerspectiveLUT.DepthResolution:16.0]]
[2022.09.15-11.53.07:274][  0]LogConfig: Setting CVar [[r.SkyAtmosphere.FastSkyLUT:1]]
[2022.09.15-11.53.07:274][  0]LogConfig: Setting CVar [[r.SkyAtmosphere.FastSkyLUT.SampleCountMin:4.0]]
[2022.09.15-11.53.07:274][  0]LogConfig: Setting CVar [[r.SkyAtmosphere.FastSkyLUT.SampleCountMax:128.0]]
[2022.09.15-11.53.07:274][  0]LogConfig: Setting CVar [[r.SkyAtmosphere.SampleCountMin:4.0]]
[2022.09.15-11.53.07:274][  0]LogConfig: Setting CVar [[r.SkyAtmosphere.SampleCountMax:128.0]]
[2022.09.15-11.53.07:274][  0]LogConfig: Setting CVar [[r.SkyAtmosphere.TransmittanceLUT.UseSmallFormat:0]]
[2022.09.15-11.53.07:274][  0]LogConfig: Setting CVar [[r.SkyAtmosphere.TransmittanceLUT.SampleCount:10.0]]
[2022.09.15-11.53.07:274][  0]LogConfig: Setting CVar [[r.SkyAtmosphere.MultiScatteringLUT.SampleCount:15.0]]
[2022.09.15-11.53.07:274][  0]LogConfig: Setting CVar [[r.SkyLight.RealTimeReflectionCapture:1]]
[2022.09.15-11.53.07:275][  0]LogConfig: Applying CVar settings from Section [FoliageQuality@3] File [C:/Users/karlo/OneDrive/Documents/GitHub/DomeProject/Saved/Config/Windows/Scalability.ini]
[2022.09.15-11.53.07:275][  0]LogConfig: Setting CVar [[foliage.DensityScale:1.0]]
[2022.09.15-11.53.07:275][  0]LogConfig: Setting CVar [[grass.DensityScale:1.0]]
[2022.09.15-11.53.07:275][  0]LogConfig: Applying CVar settings from Section [ShadingQuality@3] File [C:/Users/karlo/OneDrive/Documents/GitHub/DomeProject/Saved/Config/Windows/Scalability.ini]
[2022.09.15-11.53.07:275][  0]LogConfig: Setting CVar [[r.HairStrands.SkyLighting.IntegrationType:2]]
[2022.09.15-11.53.07:275][  0]LogConfig: Setting CVar [[r.HairStrands.SkyAO.SampleCount:4]]
[2022.09.15-11.53.07:275][  0]LogConfig: Setting CVar [[r.HairStrands.Visibility.MSAA.SamplePerPixel:4]]
[2022.09.15-11.53.07:275][  0]LogInit: Selected Device Profile: [Windows]
[2022.09.15-11.53.07:275][  0]LogInit: Applying CVar settings loaded from the selected device profile: [Windows]
[2022.09.15-11.53.07:275][  0]LogHAL: Display: Platform has ~ 16 GB [17102827520 / 17179869184 / 16], which maps to Larger [LargestMinGB=32, LargerMinGB=12, DefaultMinGB=8, SmallerMinGB=6, SmallestMinGB=0)
[2022.09.15-11.53.07:275][  0]LogInit: Going up to parent DeviceProfile []
[2022.09.15-11.53.07:275][  0]LogConfig: Applying CVar settings from Section [ViewDistanceQuality@3] File [C:/Users/karlo/OneDrive/Documents/GitHub/DomeProject/Saved/Config/Windows/Scalability.ini]
[2022.09.15-11.53.07:275][  0]LogConfig: Setting CVar [[r.SkeletalMeshLODBias:0]]
[2022.09.15-11.53.07:275][  0]LogConfig: Setting CVar [[r.ViewDistanceScale:1.0]]
[2022.09.15-11.53.07:275][  0]LogConfig: Applying CVar settings from Section [AntiAliasingQuality@3] File [C:/Users/karlo/OneDrive/Documents/GitHub/DomeProject/Saved/Config/Windows/Scalability.ini]
[2022.09.15-11.53.07:275][  0]LogConfig: Setting CVar [[r.PostProcessAAQuality:4]]
[2022.09.15-11.53.07:275][  0]LogConfig: Applying CVar settings from Section [ShadowQuality@3] File [C:/Users/karlo/OneDrive/Documents/GitHub/DomeProject/Saved/Config/Windows/Scalability.ini]
[2022.09.15-11.53.07:275][  0]LogConfig: Setting CVar [[r.LightFunctionQuality:1]]
[2022.09.15-11.53.07:275][  0]LogConfig: Setting CVar [[r.ShadowQuality:5]]
[2022.09.15-11.53.07:275][  0]LogConfig: Setting CVar [[r.Shadow.CSM.MaxCascades:10]]
[2022.09.15-11.53.07:275][  0]LogConfig: Setting CVar [[r.Shadow.MaxResolution:2048]]
[2022.09.15-11.53.07:275][  0]LogConfig: Setting CVar [[r.Shadow.MaxCSMResolution:2048]]
[2022.09.15-11.53.07:275][  0]LogConfig: Setting CVar [[r.Shadow.RadiusThreshold:0.01]]
[2022.09.15-11.53.07:275][  0]LogConfig: Setting CVar [[r.Shadow.DistanceScale:1.0]]
[2022.09.15-11.53.07:275][  0]LogConfig: Setting CVar [[r.Shadow.CSM.TransitionScale:1.0]]
[2022.09.15-11.53.07:275][  0]LogConfig: Setting CVar [[r.Shadow.PreShadowResolutionFactor:1.0]]
[2022.09.15-11.53.07:275][  0]LogConfig: Setting CVar [[r.DistanceFieldShadowing:1]]
[2022.09.15-11.53.07:275][  0]LogConfig: Setting CVar [[r.DistanceFieldAO:1]]
[2022.09.15-11.53.07:275][  0]LogConfig: Setting CVar [[r.AOQuality:2]]
[2022.09.15-11.53.07:275][  0]LogConfig: Setting CVar [[r.VolumetricFog:1]]
[2022.09.15-11.53.07:275][  0]LogConfig: Setting CVar [[r.VolumetricFog.GridPixelSize:8]]
[2022.09.15-11.53.07:275][  0]LogConfig: Setting CVar [[r.VolumetricFog.GridSizeZ:128]]
[2022.09.15-11.53.07:275][  0]LogConfig: Setting CVar [[r.VolumetricFog.HistoryMissSupersampleCount:4]]
[2022.09.15-11.53.07:275][  0]LogConfig: Setting CVar [[r.LightMaxDrawDistanceScale:1]]
[2022.09.15-11.53.07:275][  0]LogConfig: Setting CVar [[r.CapsuleShadows:1]]
[2022.09.15-11.53.07:275][  0]LogConfig: Applying CVar settings from Section [PostProcessQuality@3] File [C:/Users/karlo/OneDrive/Documents/GitHub/DomeProject/Saved/Config/Windows/Scalability.ini]
[2022.09.15-11.53.07:275][  0]LogConfig: Setting CVar [[r.MotionBlurQuality:4]]
[2022.09.15-11.53.07:275][  0]LogConfig: Setting CVar [[r.AmbientOcclusionMipLevelFactor:0.4]]
[2022.09.15-11.53.07:275][  0]LogConfig: Setting CVar [[r.AmbientOcclusionMaxQuality:100]]
[2022.09.15-11.53.07:275][  0]LogConfig: Setting CVar [[r.AmbientOcclusionLevels:-1]]
[2022.09.15-11.53.07:275][  0]LogConfig: Setting CVar [[r.AmbientOcclusionRadiusScale:1.0]]
[2022.09.15-11.53.07:275][  0]LogConfig: Setting CVar [[r.DepthOfFieldQuality:2]]
[2022.09.15-11.53.07:275][  0]LogConfig: Setting CVar [[r.RenderTargetPoolMin:400]]
[2022.09.15-11.53.07:275][  0]LogConfig: Setting CVar [[r.LensFlareQuality:2]]
[2022.09.15-11.53.07:275][  0]LogConfig: Setting CVar [[r.SceneColorFringeQuality:1]]
[2022.09.15-11.53.07:275][  0]LogConfig: Setting CVar [[r.EyeAdaptationQuality:2]]
[2022.09.15-11.53.07:275][  0]LogConfig: Setting CVar [[r.BloomQuality:5]]
[2022.09.15-11.53.07:275][  0]LogConfig: Setting CVar [[r.FastBlurThreshold:100]]
[2022.09.15-11.53.07:275][  0]LogConfig: Setting CVar [[r.Upscale.Quality:3]]
[2022.09.15-11.53.07:275][  0]LogConfig: Setting CVar [[r.Tonemapper.GrainQuantization:1]]
[2022.09.15-11.53.07:275][  0]LogConfig: Setting CVar [[r.LightShaftQuality:1]]
[2022.09.15-11.53.07:275][  0]LogConfig: Setting CVar [[r.Filter.SizeScale:1]]
[2022.09.15-11.53.07:275][  0]LogConfig: Setting CVar [[r.Tonemapper.Quality:5]]
[2022.09.15-11.53.07:275][  0]LogConfig: Setting CVar [[r.DOF.Gather.AccumulatorQuality:1        ; higher gathering accumulator quality]]
[2022.09.15-11.53.07:275][  0]LogConfig: Setting CVar [[r.DOF.Gather.PostfilterMethod:1          ; Median3x3 postfilering method]]
[2022.09.15-11.53.07:275][  0]LogConfig: Setting CVar [[r.DOF.Gather.EnableBokehSettings:0       ; no bokeh simulation when gathering]]
[2022.09.15-11.53.07:275][  0]LogConfig: Setting CVar [[r.DOF.Gather.RingCount:4                 ; medium number of samples when gathering]]
[2022.09.15-11.53.07:275][  0]LogConfig: Setting CVar [[r.DOF.Scatter.ForegroundCompositing:1    ; additive foreground scattering]]
[2022.09.15-11.53.07:275][  0]LogConfig: Setting CVar [[r.DOF.Scatter.BackgroundCompositing:2    ; additive background scattering]]
[2022.09.15-11.53.07:275][  0]LogConfig: Setting CVar [[r.DOF.Scatter.EnableBokehSettings:1      ; bokeh simulation when scattering]]
[2022.09.15-11.53.07:275][  0]LogConfig: Setting CVar [[r.DOF.Scatter.MaxSpriteRatio:0.1         ; only a maximum of 10% of scattered bokeh]]
[2022.09.15-11.53.07:275][  0]LogConfig: Setting CVar [[r.DOF.Recombine.Quality:1                ; cheap slight out of focus]]
[2022.09.15-11.53.07:275][  0]LogConfig: Setting CVar [[r.DOF.Recombine.EnableBokehSettings:0    ; no bokeh simulation on slight out of focus]]
[2022.09.15-11.53.07:275][  0]LogConfig: Setting CVar [[r.DOF.TemporalAAQuality:1                ; more stable temporal accumulation]]
[2022.09.15-11.53.07:275][  0]LogConfig: Setting CVar [[r.DOF.Kernel.MaxForegroundRadius:0.025]]
[2022.09.15-11.53.07:275][  0]LogConfig: Setting CVar [[r.DOF.Kernel.MaxBackgroundRadius:0.025]]
[2022.09.15-11.53.07:275][  0]LogConfig: Applying CVar settings from Section [TextureQuality@3] File [C:/Users/karlo/OneDrive/Documents/GitHub/DomeProject/Saved/Config/Windows/Scalability.ini]
[2022.09.15-11.53.07:275][  0]LogConfig: Setting CVar [[r.Streaming.MipBias:0]]
[2022.09.15-11.53.07:275][  0]LogConfig: Setting CVar [[r.Streaming.AmortizeCPUToGPUCopy:0]]
[2022.09.15-11.53.07:275][  0]LogConfig: Setting CVar [[r.Streaming.MaxNumTexturesToStreamPerFrame:0]]
[2022.09.15-11.53.07:275][  0]LogConfig: Setting CVar [[r.Streaming.Boost:1]]
[2022.09.15-11.53.07:275][  0]LogConfig: Setting CVar [[r.MaxAnisotropy:8]]
[2022.09.15-11.53.07:275][  0]LogConfig: Setting CVar [[r.VT.MaxAnisotropy:8]]
[2022.09.15-11.53.07:275][  0]LogConfig: Setting CVar [[r.Streaming.LimitPoolSizeToVRAM:0]]
[2022.09.15-11.53.07:275][  0]LogConfig: Setting CVar [[r.Streaming.PoolSize:1000]]
[2022.09.15-11.53.07:275][  0]LogConfig: Setting CVar [[r.Streaming.MaxEffectiveScreenSize:0]]
[2022.09.15-11.53.07:275][  0]LogConfig: Applying CVar settings from Section [EffectsQuality@3] File [C:/Users/karlo/OneDrive/Documents/GitHub/DomeProject/Saved/Config/Windows/Scalability.ini]
[2022.09.15-11.53.07:275][  0]LogConfig: Setting CVar [[r.TranslucencyLightingVolumeDim:64]]
[2022.09.15-11.53.07:275][  0]LogConfig: Setting CVar [[r.RefractionQuality:2]]
[2022.09.15-11.53.07:275][  0]LogConfig: Setting CVar [[r.SSR.Quality:3]]
[2022.09.15-11.53.07:275][  0]LogConfig: Setting CVar [[r.SSR.HalfResSceneColor:0]]
[2022.09.15-11.53.07:275][  0]LogConfig: Setting CVar [[r.SceneColorFormat:4]]
[2022.09.15-11.53.07:275][  0]LogConfig: Setting CVar [[r.DetailMode:2]]
[2022.09.15-11.53.07:275][  0]LogConfig: Setting CVar [[r.TranslucencyVolumeBlur:1]]
[2022.09.15-11.53.07:275][  0]LogConfig: Setting CVar [[r.MaterialQualityLevel:1 ; High quality]]
[2022.09.15-11.53.07:275][  0]LogConfig: Setting CVar [[r.AnisotropicMaterials:1]]
[2022.09.15-11.53.07:275][  0]LogConfig: Setting CVar [[r.SSS.Scale:1]]
[2022.09.15-11.53.07:275][  0]LogConfig: Setting CVar [[r.SSS.SampleSet:2]]
[2022.09.15-11.53.07:275][  0]LogConfig: Setting CVar [[r.SSS.Quality:1]]
[2022.09.15-11.53.07:275][  0]LogConfig: Setting CVar [[r.SSS.HalfRes:0]]
[2022.09.15-11.53.07:275][  0]LogConfig: Setting CVar [[r.SSGI.Quality:3]]
[2022.09.15-11.53.07:275][  0]LogConfig: Setting CVar [[r.EmitterSpawnRateScale:1.0]]
[2022.09.15-11.53.07:275][  0]LogConfig: Setting CVar [[r.ParticleLightQuality:2]]
[2022.09.15-11.53.07:276][  0]LogConfig: Setting CVar [[r.SkyAtmosphere.AerialPerspectiveLUT.FastApplyOnOpaque:1 ; Always have FastSkyLUT 1 in this case to avoid wrong sky]]
[2022.09.15-11.53.07:276][  0]LogConfig: Setting CVar [[r.SkyAtmosphere.AerialPerspectiveLUT.SampleCountMaxPerSlice:4]]
[2022.09.15-11.53.07:276][  0]LogConfig: Setting CVar [[r.SkyAtmosphere.AerialPerspectiveLUT.DepthResolution:16.0]]
[2022.09.15-11.53.07:276][  0]LogConfig: Setting CVar [[r.SkyAtmosphere.FastSkyLUT:1]]
[2022.09.15-11.53.07:276][  0]LogConfig: Setting CVar [[r.SkyAtmosphere.FastSkyLUT.SampleCountMin:4.0]]
[2022.09.15-11.53.07:276][  0]LogConfig: Setting CVar [[r.SkyAtmosphere.FastSkyLUT.SampleCountMax:128.0]]
[2022.09.15-11.53.07:276][  0]LogConfig: Setting CVar [[r.SkyAtmosphere.SampleCountMin:4.0]]
[2022.09.15-11.53.07:276][  0]LogConfig: Setting CVar [[r.SkyAtmosphere.SampleCountMax:128.0]]
[2022.09.15-11.53.07:276][  0]LogConfig: Setting CVar [[r.SkyAtmosphere.TransmittanceLUT.UseSmallFormat:0]]
[2022.09.15-11.53.07:276][  0]LogConfig: Setting CVar [[r.SkyAtmosphere.TransmittanceLUT.SampleCount:10.0]]
[2022.09.15-11.53.07:276][  0]LogConfig: Setting CVar [[r.SkyAtmosphere.MultiScatteringLUT.SampleCount:15.0]]
[2022.09.15-11.53.07:276][  0]LogConfig: Setting CVar [[r.SkyLight.RealTimeReflectionCapture:1]]
[2022.09.15-11.53.07:276][  0]LogConfig: Applying CVar settings from Section [FoliageQuality@3] File [C:/Users/karlo/OneDrive/Documents/GitHub/DomeProject/Saved/Config/Windows/Scalability.ini]
[2022.09.15-11.53.07:276][  0]LogConfig: Setting CVar [[foliage.DensityScale:1.0]]
[2022.09.15-11.53.07:276][  0]LogConfig: Setting CVar [[grass.DensityScale:1.0]]
[2022.09.15-11.53.07:276][  0]LogConfig: Applying CVar settings from Section [ShadingQuality@3] File [C:/Users/karlo/OneDrive/Documents/GitHub/DomeProject/Saved/Config/Windows/Scalability.ini]
[2022.09.15-11.53.07:276][  0]LogConfig: Setting CVar [[r.HairStrands.SkyLighting.IntegrationType:2]]
[2022.09.15-11.53.07:276][  0]LogConfig: Setting CVar [[r.HairStrands.SkyAO.SampleCount:4]]
[2022.09.15-11.53.07:276][  0]LogConfig: Setting CVar [[r.HairStrands.Visibility.MSAA.SamplePerPixel:4]]
[2022.09.15-11.53.07:276][  0]LogConfig: Applying CVar settings from Section [Startup] File [../../../Engine/Config/ConsoleVariables.ini]
[2022.09.15-11.53.07:276][  0]LogConfig: Setting CVar [[net.UseAdaptiveNetUpdateFrequency:0]]
[2022.09.15-11.53.07:276][  0]LogConfig: Setting CVar [[p.chaos.AllowCreatePhysxBodies:1]]
[2022.09.15-11.53.07:276][  0]LogConfig: Setting CVar [[fx.SkipVectorVMBackendOptimizations:1]]
[2022.09.15-11.53.07:276][  0]LogConfig: Applying CVar settings from Section [ConsoleVariables] File [C:/Users/karlo/OneDrive/Documents/GitHub/DomeProject/Saved/Config/Windows/Engine.ini]
[2022.09.15-11.53.07:276][  0]LogConfig: Applying CVar settings from Section [ConsoleVariables] File [C:/Users/karlo/OneDrive/Documents/GitHub/DomeProject/Saved/Config/Windows/Editor.ini]
[2022.09.15-11.53.07:276][  0]LogInit: Computer: DESKTOP-19KQ9I3
[2022.09.15-11.53.07:276][  0]LogInit: User: karlo
[2022.09.15-11.53.07:276][  0]LogInit: CPU Page size=4096, Cores=8
[2022.09.15-11.53.07:276][  0]LogInit: High frequency timer resolution =10.000000 MHz
[2022.09.15-11.53.07:276][  0]LogMemory: Memory total: Physical=15.9GB (16GB approx)
[2022.09.15-11.53.07:276][  0]LogMemory: Platform Memory Stats for Windows
[2022.09.15-11.53.07:276][  0]LogMemory: Process Physical Memory: 157.02 MB used, 159.21 MB peak
[2022.09.15-11.53.07:276][  0]LogMemory: Process Virtual Memory: 135.71 MB used, 135.71 MB peak
[2022.09.15-11.53.07:276][  0]LogMemory: Physical Memory: 10304.51 MB used,  6006.02 MB free, 16310.53 MB total
[2022.09.15-11.53.07:276][  0]LogMemory: Virtual Memory: 134207648.00 MB used,  10082.23 MB free, 134217728.00 MB total
[2022.09.15-11.53.07:864][  0]LogWindows: WindowsPlatformFeatures enabled
[2022.09.15-11.53.08:193][  0]LogInit: Physics initialised using underlying interface: PhysX
[2022.09.15-11.53.08:213][  0]LogInit: Using OS detected language (en-GB).
[2022.09.15-11.53.08:213][  0]LogInit: Using OS detected locale (en-GB).
[2022.09.15-11.53.08:215][  0]LogTextLocalizationManager: No specific localization for 'en-GB' exists, so the 'en' localization will be used.
[2022.09.15-11.53.08:628][  0]LogInit: Setting process to per monitor DPI aware
[2022.09.15-11.53.08:660][  0]LogWindowsTextInputMethodSystem: Display: IME system deactivated.
[2022.09.15-11.53.08:864][  0]LogSlate: New Slate User Created.  User Index 0, Is Virtual User: 0
[2022.09.15-11.53.08:864][  0]LogSlate: Slate User Registered.  User Index 0, Is Virtual User: 0
[2022.09.15-11.53.09:386][  0]LogD3D11RHI: Loaded GFSDK_Aftermath_Lib.x64.dll
[2022.09.15-11.53.09:445][  0]LogHMD: Failed to initialize OpenVR with code 108
[2022.09.15-11.53.09:445][  0]LogD3D11RHI: D3D11 min allowed feature level: 11_0
[2022.09.15-11.53.09:445][  0]LogD3D11RHI: D3D11 max allowed feature level: 11_0
[2022.09.15-11.53.09:445][  0]LogD3D11RHI: D3D11 adapters:
[2022.09.15-11.53.09:545][  0]LogD3D11RHI:    0. 'NVIDIA GeForce GTX 1060 6GB' (Feature Level 11_0)
[2022.09.15-11.53.09:545][  0]LogD3D11RHI:       6052/0/8155 MB DedicatedVideo/DedicatedSystem/SharedSystem, Outputs:2, VendorId:0x10de
[2022.09.15-11.53.09:557][  0]LogD3D11RHI:    1. 'Microsoft Basic Render Driver' (Feature Level 11_0)
[2022.09.15-11.53.09:557][  0]LogD3D11RHI:       0/0/8155 MB DedicatedVideo/DedicatedSystem/SharedSystem, Outputs:0, VendorId:0x1414
[2022.09.15-11.53.09:557][  0]LogD3D11RHI: Chosen D3D11 Adapter:
[2022.09.15-11.53.09:557][  0]LogD3D11RHI:     Description : NVIDIA GeForce GTX 1060 6GB
[2022.09.15-11.53.09:557][  0]LogD3D11RHI:     VendorId    : 10de
[2022.09.15-11.53.09:557][  0]LogD3D11RHI:     DeviceId    : 1c03
[2022.09.15-11.53.09:557][  0]LogD3D11RHI:     SubSysId    : 1c0310de
[2022.09.15-11.53.09:557][  0]LogD3D11RHI:     Revision    : 00a1
[2022.09.15-11.53.09:557][  0]LogD3D11RHI:     DedicatedVideoMemory : 6345981952 bytes
[2022.09.15-11.53.09:557][  0]LogD3D11RHI:     DedicatedSystemMemory : 0 bytes
[2022.09.15-11.53.09:557][  0]LogD3D11RHI:     SharedSystemMemory : 8551413760 bytes
[2022.09.15-11.53.09:557][  0]LogD3D11RHI:     AdapterLuid : 0 51432
[2022.09.15-11.53.09:566][  0]LogD3D11RHI: Creating new Direct3DDevice
[2022.09.15-11.53.09:566][  0]LogD3D11RHI:     GPU DeviceId: 0x1c03 (for the marketing name, search the web for "GPU Device Id")
[2022.09.15-11.53.09:566][  0]LogWindows: EnumDisplayDevices:
[2022.09.15-11.53.09:566][  0]LogWindows:    0. 'NVIDIA GeForce GTX 1060 6GB' (P:0 D:1)
[2022.09.15-11.53.09:566][  0]LogWindows:    1. 'NVIDIA GeForce GTX 1060 6GB' (P:1 D:1)
[2022.09.15-11.53.09:566][  0]LogWindows:    2. 'NVIDIA GeForce GTX 1060 6GB' (P:0 D:0)
[2022.09.15-11.53.09:566][  0]LogWindows:    3. 'NVIDIA GeForce GTX 1060 6GB' (P:0 D:0)
[2022.09.15-11.53.09:567][  0]LogWindows: DebugString: FoundDriverCount:4 
[2022.09.15-11.53.09:567][  0]LogD3D11RHI:     Adapter Name: NVIDIA GeForce GTX 1060 6GB
[2022.09.15-11.53.09:567][  0]LogD3D11RHI:   Driver Version: 516.94 (internal:31.0.15.1694, unified:516.94)
[2022.09.15-11.53.09:567][  0]LogD3D11RHI:      Driver Date: 7-21-2022
[2022.09.15-11.53.09:567][  0]LogRHI: Texture pool is 4236 MB (70% of 6052 MB)
[2022.09.15-11.53.09:567][  0]LogD3D11RHI: Creating D3DDevice using adapter:
[2022.09.15-11.53.09:567][  0]LogD3D11RHI:     Description : NVIDIA GeForce GTX 1060 6GB
[2022.09.15-11.53.09:567][  0]LogD3D11RHI:     VendorId    : 10de
[2022.09.15-11.53.09:567][  0]LogD3D11RHI:     DeviceId    : 1c03
[2022.09.15-11.53.09:567][  0]LogD3D11RHI:     SubSysId    : 1c0310de
[2022.09.15-11.53.09:567][  0]LogD3D11RHI:     Revision    : 00a1
[2022.09.15-11.53.09:567][  0]LogD3D11RHI:     DedicatedVideoMemory : 6345981952 bytes
[2022.09.15-11.53.09:567][  0]LogD3D11RHI:     DedicatedSystemMemory : 0 bytes
[2022.09.15-11.53.09:567][  0]LogD3D11RHI:     SharedSystemMemory : 8551413760 bytes
[2022.09.15-11.53.09:567][  0]LogD3D11RHI:     AdapterLuid : 0 51432
[2022.09.15-11.53.09:619][  0]LogD3D11RHI: RHI has support for 64 bit atomics
[2022.09.15-11.53.09:619][  0]LogD3D11RHI: Async texture creation enabled
[2022.09.15-11.53.09:619][  0]LogD3D11RHI: Array index from any shader is supported
[2022.09.15-11.53.09:646][  0]LogD3D11RHI: GPU Timing Frequency: 1000.000000 (Debug: 2 1)
[2022.09.15-11.53.09:724][  0]LogRHI: GeForceNow SDK initialized: 1
[2022.09.15-11.53.10:347][  0]LogTargetPlatformManager: Display: Loaded TargetPlatform 'AllDesktop'
[2022.09.15-11.53.10:380][  0]LogTargetPlatformManager: Display: Loaded TargetPlatform 'Android'
[2022.09.15-11.53.10:380][  0]LogTargetPlatformManager: Display: Loaded TargetPlatform 'Android_ASTC'
[2022.09.15-11.53.10:380][  0]LogTargetPlatformManager: Display: Loaded TargetPlatform 'Android_DXT'
[2022.09.15-11.53.10:380][  0]LogTargetPlatformManager: Display: Loaded TargetPlatform 'Android_ETC2'
[2022.09.15-11.53.10:380][  0]LogTargetPlatformManager: Display: Loaded TargetPlatform 'AndroidClient'
[2022.09.15-11.53.10:380][  0]LogTargetPlatformManager: Display: Loaded TargetPlatform 'Android_ASTCClient'
[2022.09.15-11.53.10:380][  0]LogTargetPlatformManager: Display: Loaded TargetPlatform 'Android_DXTClient'
[2022.09.15-11.53.10:380][  0]LogTargetPlatformManager: Display: Loaded TargetPlatform 'Android_ETC2Client'
[2022.09.15-11.53.10:380][  0]LogTargetPlatformManager: Display: Loaded TargetPlatform 'Android_Multi'
[2022.09.15-11.53.10:380][  0]LogTargetPlatformManager: Display: Loaded TargetPlatform 'Android_MultiClient'
[2022.09.15-11.53.10:433][  0]LogTargetPlatformManager: Display: Loaded TargetPlatform 'IOSClient'
[2022.09.15-11.53.10:433][  0]LogTargetPlatformManager: Display: Loaded TargetPlatform 'IOS'
[2022.09.15-11.53.10:466][  0]LogTargetPlatformManager: Display: Loaded TargetPlatform 'Linux'
[2022.09.15-11.53.10:484][  0]LogTargetPlatformManager: Display: Loaded TargetPlatform 'LinuxNoEditor'
[2022.09.15-11.53.10:492][  0]LogTargetPlatformManager: Display: Loaded TargetPlatform 'LinuxClient'
[2022.09.15-11.53.10:504][  0]LogTargetPlatformManager: Display: Loaded TargetPlatform 'LinuxServer'
[2022.09.15-11.53.10:523][  0]LogTargetPlatformManager: Display: Loaded TargetPlatform 'LinuxAArch64NoEditor'
[2022.09.15-11.53.10:538][  0]LogTargetPlatformManager: Display: Loaded TargetPlatform 'LinuxAArch64Client'
[2022.09.15-11.53.10:544][  0]LogTargetPlatformManager: Display: Loaded TargetPlatform 'LinuxAArch64Server'
[2022.09.15-11.53.10:577][  0]LogTargetPlatformManager: Display: Loaded TargetPlatform 'Lumin'
[2022.09.15-11.53.10:577][  0]LogTargetPlatformManager: Display: Loaded TargetPlatform 'LuminClient'
[2022.09.15-11.53.10:597][  0]LogTargetPlatformManager: Display: Loaded TargetPlatform 'MacNoEditor'
[2022.09.15-11.53.10:602][  0]LogTargetPlatformManager: Display: Loaded TargetPlatform 'Mac'
[2022.09.15-11.53.10:616][  0]LogTargetPlatformManager: Display: Loaded TargetPlatform 'MacClient'
[2022.09.15-11.53.10:621][  0]LogTargetPlatformManager: Display: Loaded TargetPlatform 'MacServer'
[2022.09.15-11.53.10:644][  0]LogTargetPlatformManager: Display: Loaded TargetPlatform 'TVOSClient'
[2022.09.15-11.53.10:644][  0]LogTargetPlatformManager: Display: Loaded TargetPlatform 'TVOS'
[2022.09.15-11.53.10:669][  0]LogTargetPlatformManager: Display: Loaded TargetPlatform 'WindowsNoEditor'
[2022.09.15-11.53.10:685][  0]LogTargetPlatformManager: Display: Loaded TargetPlatform 'Windows'
[2022.09.15-11.53.10:712][  0]LogTargetPlatformManager: Display: Loaded TargetPlatform 'WindowsClient'
[2022.09.15-11.53.10:731][  0]LogTargetPlatformManager: Display: Loaded TargetPlatform 'WindowsServer'
[2022.09.15-11.53.10:731][  0]LogTargetPlatformManager: Display: Building Assets For Windows
[2022.09.15-11.53.10:796][  0]LogAudioDebug: Display: Lib vorbis DLL was dynamically loaded.
[2022.09.15-11.53.10:968][  0]LogTextureFormatOodle: Display: Oodle Texture 2.9.0 init RDO Off
[2022.09.15-11.53.11:200][  0]LogRendererCore: Ray tracing is disabled. Reason: r.RayTracing=0.
[2022.09.15-11.53.11:200][  0]LogShaderCompilers: Guid format shader working directory is -7 characters bigger than the processId version (C:/Users/karlo/OneDrive/Documents/GitHub/DomeProject/Intermediate/Shaders/WorkingDirectory/16984/).
[2022.09.15-11.53.11:200][  0]LogShaderCompilers: Cleaned the shader compiler working directory 'C:/Users/karlo/AppData/Local/Temp/UnrealShaderWorkingDir/533E00254E914DAC3848F08FBC8E7A98/'.
[2022.09.15-11.53.11:200][  0]LogXGEController: Cannot use XGE Controller as Incredibuild is not installed on this machine.
[2022.09.15-11.53.11:200][  0]LogShaderCompilers: Cannot use XGE Shader Compiler as Incredibuild is not installed on this machine.
[2022.09.15-11.53.11:200][  0]LogShaderCompilers: Display: Using Local Shader Compiler.
[2022.09.15-11.53.12:245][  0]LogDerivedDataCache: Display: Max Cache Size: 512 MB
[2022.09.15-11.53.12:301][  0]LogDerivedDataCache: Loaded boot cache 0.06s 97MB C:/Users/karlo/AppData/Local/UnrealEngine/4.27/DerivedDataCache/Boot.ddc.
[2022.09.15-11.53.12:302][  0]LogDerivedDataCache: Display: Loaded Boot cache: C:/Users/karlo/AppData/Local/UnrealEngine/4.27/DerivedDataCache/Boot.ddc
[2022.09.15-11.53.12:302][  0]LogDerivedDataCache: FDerivedDataBackendGraph:  Pak pak cache file C:/Users/karlo/OneDrive/Documents/GitHub/DomeProject/DerivedDataCache/DDC.ddp not found, will not use a pak cache.
[2022.09.15-11.53.12:302][  0]LogDerivedDataCache: Unable to find inner node Pak for hierarchical cache Hierarchy.
[2022.09.15-11.53.12:302][  0]LogDerivedDataCache: FDerivedDataBackendGraph:  CompressedPak pak cache file C:/Users/karlo/OneDrive/Documents/GitHub/DomeProject/DerivedDataCache/Compressed.ddp not found, will not use a pak cache.
[2022.09.15-11.53.12:302][  0]LogDerivedDataCache: Unable to find inner node CompressedPak for hierarchical cache Hierarchy.
[2022.09.15-11.53.12:340][  0]LogDerivedDataCache: Display: Pak cache opened for reading ../../../Engine/DerivedDataCache/Compressed.ddp.
[2022.09.15-11.53.12:340][  0]LogDerivedDataCache: FDerivedDataBackendGraph:  EnterprisePak pak cache file ../../../Enterprise/DerivedDataCache/Compressed.ddp not found, will not use a pak cache.
[2022.09.15-11.53.12:340][  0]LogDerivedDataCache: Unable to find inner node EnterprisePak for hierarchical cache Hierarchy.
[2022.09.15-11.53.12:353][  0]LogDerivedDataCache: Speed tests for C:/Users/karlo/AppData/Local/UnrealEngine/Common/DerivedDataCache took 0.01 seconds
[2022.09.15-11.53.12:353][  0]LogDerivedDataCache: Display: Performance to C:/Users/karlo/AppData/Local/UnrealEngine/Common/DerivedDataCache: Latency=0.05ms. RandomReadSpeed=147.54MBs, RandomWriteSpeed=170.44MBs. Assigned SpeedClass 'Local'
[2022.09.15-11.53.12:354][  0]LogDerivedDataCache: Using Local data cache path C:/Users/karlo/AppData/Local/UnrealEngine/Common/DerivedDataCache: Writable
[2022.09.15-11.53.12:354][  0]LogDerivedDataCache: Shared data cache path not found in *engine.ini, will not use an Shared cache.
[2022.09.15-11.53.12:354][  0]LogDerivedDataCache: Unable to find inner node Shared for hierarchical cache Hierarchy.
[2022.09.15-11.53.12:396][  0]LogSlate: Using FreeType 2.10.0
[2022.09.15-11.53.12:462][  0]LogSlate: SlateFontServices - WITH_FREETYPE: 1, WITH_HARFBUZZ: 1
[2022.09.15-11.53.12:545][  0]LogAssetRegistry: FAssetRegistry took 0.0026 seconds to start up
[2022.09.15-11.53.12:848][  0]LogInit: Selected Device Profile: [Windows]
[2022.09.15-11.53.12:848][  0]LogInit: Active device profile: [0000024272884900][000002427229D000 49] Windows
[2022.09.15-11.53.12:848][  0]LogInit: Profiles: [0000024272884900][000002427229D000 49] Windows, [000002427284F600][000002427349D180 49] WindowsNoEditor, [0000024272887500][00000242734A1300 49] WindowsServer, [000002427284CE00][00000242734A5480 49] WindowsClient, [0000024272887800][00000242734A9600 49] IOS, [000002427284E600][00000242734AD780 49] iPadAir, [0000024272886000][00000242734B1900 49] iPadAir2, [00000242727FCA00][00000242734B9BC0 49] IPadPro, [00000242727FCB00][00000242734B5C00 49] iPadAir3, [000002427284D700][00000242734BC200 49] iPadAir4, [00000242727FF400][00000242734C0380 49] iPadMini2, [000002427284E800][00000242734C4500 49] iPadMini3, [00000242727FD700][00000242734C8680 49] iPadMini4, [0000024272885100][00000242734987C0 49] iPadMini5, [000002427281C300][00000242734D0A00 49] iPhone6, [000002427281C400][00000242734CCA40 49] iPodTouch6, [00000242727FBF00][00000242734DCCC0 49] iPhone7, [00000242727FBE00][00000242734D4D00 49] iPodTouch7, [000002427284DE00][00000242734E0E80 49] iPhone5S, [00000242727F9A00][00000242734E5000 49] iPhone6Plus, [000002427281C200][00000242734E9180 49] iPhone6S, [00000242727F8600][00000242734ED300 49] iPhone6SPlus, [000002427281E900][00000242734F1480 49] iPhone7Plus, [00000242727FB100][00000242734F5600 49] iPhoneSE, [000002427281E200][00000242734F9780 49] iPhone8, [00000242727FBB00][00000242734FD900 49] iPhone8Plus, [000002427281CA00][0000024273501A80 49] iPhoneX, [00000242727F9400][0000024273505C00 49] iPhoneXS, [000002427281F900][0000024273508200 49] iPhoneXSMax, [00000242727F8900][000002427350C380 49] iPhoneXR, [000002427281EF00][0000024273510500 49] iPhone11, [00000242727F9300][0000024273514680 49] iPhone11Pro, [000002427281D000][0000024273518800 49] iPhone11ProMax, [00000242727FAA00][00000242734D8940 49] iPhoneSE2, [000002427281D400][000002427351CA80 49] iPhone12Mini, [00000242727FA400][0000024273520BC0 49] iPhone12, [000002427281CD00][0000024273524D00 49] iPhone12Pro, [00000242727FAB00][000002427352CE80 49] iPhone12ProMax, [000002427281F000][0000024273531000 49] iPadPro105, [00000242727F8700][0000024273535180 49] iPadPro129, [000002427281E800][0000024273539300 49] iPadPro97, [00000242727FA600][000002427353D480 49] iPadPro2_129, [000002427281FC00][0000024273541600 49] iPad5, [00000242727FA200][0000024273545780 49] iPad6, [000002427281CF00][0000024273549900 49] iPad7, [00000242727FAD00][000002427354DA80 49] iPad8, [000002427281D100][0000024273551C00 49] iPadPro11, [00000242727F9600][0000024273554200 49] iPadPro2_11, [000002427281F400][0000024273558380 49] iPadPro3_129, [00000242727FA800][000002427355C500 49] iPadPro4_129, [000002427281FA00][0000024273560680 49] AppleTV, [00000242727FA100][0000024273564800 49] AppleTV4K, [000002427281DF00][0000024273568980 49] TVOS, [00000242727FB400][000002427356CB00 49] Mac, [000002427281F800][0000024273528C40 49] MacClient, [00000242727F9E00][0000024273570D80 49] MacNoEditor, [000002427281FF00][0000024273574EC0 49] MacServer, [00000242727FB500][000002427357D040 49] Linux, [000002427281CC00][00000242735811C0 49] LinuxAArch64, [00000242727FAF00][0000024273585340 49] LinuxNoEditor, [000002427281CB00][00000242735894C0 49] LinuxAArch64NoEditor, [00000242727FB700][000002427358D640 49] LinuxClient, [000002427281DA00][00000242735917C0 49] LinuxAArch64Client, [00000242727F9000][0000024273595940 49] LinuxServer, [000002427281E500][0000024273599AC0 49] LinuxAArch64Server, [00000242727F9900][000002427359C0C0 49] Android, [000002427281D300][00000242735A0240 49] Android_Low, [00000242727FA700][00000242735A43C0 49] Android_Mid, [000002427281EB00][00000242735A8540 49] Android_High, [00000242727FB800][00000242735AC6C0 49] Android_Default, [000002427281D600][00000242735B0840 49] Android_Adreno4xx, [00000242727F9500][00000242735B49C0 49] Android_Adreno5xx_Low, [00000242727FF600][00000242735B8B40 49] Android_Adreno5xx, [000002427284D600][00000242735BCCC0 49] Android_Adreno6xx, [00000242727FD200][0000024273578E00 49] Android_Adreno6xx_Vulkan, [000002427284FA00][00000242735C0F40 49] Android_Mali_T6xx, [00000242727FD100][00000242735C5080 49] Android_Mali_T7xx, [000002427284D400][00000242735C91C0 49] Android_Mali_T8xx, [00000242727FDE00][00000242735D1340 49] Android_Mali_G71, [000002427284C500][00000242735D54C0 49] Android_Mali_G72, [00000242727FC800][00000242735D9640 49] Android_Mali_G72_Vulkan, [000002427284D100][00000242735DD7C0 49] Android_Mali_G76, [00000242727FC100][00000242735E1940 49] Android_Mali_G76_Vulkan, [000002427284DD00][00000242735E5AC0 49] Android_Mali_G77, [00000242727FD000][00000242735E80C0 49] Android_Mali_G77_Vulkan, [000002427284CA00][00000242735EC240 49] Android_Mali_G78, [00000242727FEC00][00000242735F03C0 49] Android_Mali_G78_Vulkan, [000002427284F400][00000242735F4540 49] Android_Mali_G710, [00000242727FEA00][00000242735F86C0 49] Android_Mali_G710_Vulkan, [000002427284FD00][00000242735FC840 49] Android_Vulkan_SM5, [00000242727FFB00][00000242736009C0 49] Android_PowerVR_G6xxx, [000002427284F900][0000024273604B40 49] Android_PowerVR_GT7xxx, [00000242727FF900][0000024273608CC0 49] Android_PowerVR_GE8xxx, [000002427284CC00][000002427360CE40 49] Android_PowerVR_GM9xxx, [00000242727FE700][00000242735CCF80 49] Android_PowerVR_GM9xxx_Vulkan, [000002427284E500][00000242736110C0 49] Android_TegraK1, [00000242727FC900][0000024273615200 49] Android_Unknown_Vulkan, [000002427284DB00][0000024273619340 49] Lumin, [00000242727FC500][00000242736214C0 49] Lumin_Desktop, [000002427284F100][0000024273625640 49] HoloLens, 
[2022.09.15-11.53.13:104][  0]LogMeshReduction: Using QuadricMeshReduction for automatic static mesh reduction
[2022.09.15-11.53.13:105][  0]LogMeshReduction: Using SimplygonMeshReduction for automatic skeletal mesh reduction
[2022.09.15-11.53.13:105][  0]LogMeshReduction: Using ProxyLODMeshReduction for automatic mesh merging
[2022.09.15-11.53.13:105][  0]LogMeshReduction: No distributed automatic mesh merging module available
[2022.09.15-11.53.13:105][  0]LogMeshMerging: No distributed automatic mesh merging module available
[2022.09.15-11.53.13:123][  0]LogNetVersion: BabaYagaDomeProject 1.0.0, NetCL: 17155196, EngineNetVer: 17, GameNetVer: 0 (Checksum: 3263260758)
[2022.09.15-11.53.13:467][  0]LogTexture: Default maximum texture size for cubemaps generated from long-lat sources has been changed from 512 to unlimited. In order to preserve old behaiour for '/Engine/MapTemplates/Sky/DaylightAmbientCubemap.DaylightAmbientCubemap', its maximum texture size has been explicitly set to 512.
[2022.09.15-11.53.13:521][  0]LogHMD: PokeAHoleMaterial loaded successfully
[2022.09.15-11.53.13:528][  0]LogUObjectArray: 17178 objects as part of root set at end of initial load.
[2022.09.15-11.53.13:528][  0]LogUObjectAllocator: 4302048 out of 0 bytes used by permanent object pool.
[2022.09.15-11.53.13:528][  0]LogUObjectArray: CloseDisregardForGC: 0/0 objects in disregard for GC pool
[2022.09.15-11.53.13:775][  0]LogPython: Using Python 3.7.7
[2022.09.15-11.53.14:268][  0]LogNiagaraDebuggerClient: Niagara Debugger Client Initialized | Session: ACFFD00648FFE65F178CC785F5408079 | Instance: E2450A8740A7BD2AF81FE993479C4946 (DESKTOP-19KQ9I3-16984).
[2022.09.15-11.53.14:413][  0]LogTexture: Display: Building textures: default_color (OODLE_AutoDXT, 64X64)
[2022.09.15-11.53.14:413][  0]LogTexture: Display: Building textures: default_normal (OODLE_BC5, 64X64)
[2022.09.15-11.53.14:413][  0]LogMaterial: Display: Missing cached shadermap for Substance_Basic_Template in PCD3D_SM5, Default, SM5 (DDC key hash: 453A22BD9D2AFE1C400CD3551545407F70AB479D), compiling. 
[2022.09.15-11.53.14:466][  0]LogShaderCompilers: Display: Submitted 25 shader compile jobs with 'Low' priority
[2022.09.15-11.53.14:501][  0]LogShaderCompilers: Display: Worker (1/13): shaders left to compile 25
[2022.09.15-11.53.14:501][  0]LogShaderCompilers: Display: Worker (2/13): shaders left to compile 23
[2022.09.15-11.53.14:501][  0]LogShaderCompilers: Display: Worker (3/13): shaders left to compile 21
[2022.09.15-11.53.14:501][  0]LogShaderCompilers: Display: Worker (4/13): shaders left to compile 19
[2022.09.15-11.53.14:501][  0]LogShaderCompilers: Display: Worker (5/13): shaders left to compile 17
[2022.09.15-11.53.14:501][  0]LogShaderCompilers: Display: Worker (6/13): shaders left to compile 15
[2022.09.15-11.53.14:501][  0]LogShaderCompilers: Display: Worker (7/13): shaders left to compile 13
[2022.09.15-11.53.14:501][  0]LogShaderCompilers: Display: Worker (8/13): shaders left to compile 11
[2022.09.15-11.53.14:501][  0]LogShaderCompilers: Display: Worker (9/13): shaders left to compile 9
[2022.09.15-11.53.14:501][  0]LogShaderCompilers: Display: Worker (10/13): shaders left to compile 7
[2022.09.15-11.53.14:501][  0]LogShaderCompilers: Display: Worker (11/13): shaders left to compile 5
[2022.09.15-11.53.14:501][  0]LogShaderCompilers: Display: Worker (12/13): shaders left to compile 3
[2022.09.15-11.53.14:501][  0]LogShaderCompilers: Display: Worker (13/13): shaders left to compile 1
[2022.09.15-11.53.14:501][  0]LogShaderCompilers: Display: Started 25 'Local' shader compile jobs with 'Low' priority
[2022.09.15-11.53.14:501][  0]LogSubstanceCoreModule: Substance [GPU] Engine Loaded, Max Texture Size = 8192
[2022.09.15-11.53.14:688][  0]LogUdpMessaging: Initializing bridge on interface 0.0.0.0:0 to multicast group 230.0.0.1:6666.
[2022.09.15-11.53.14:698][  0]LogTcpMessaging: Initializing TcpMessaging bridge
[2022.09.15-11.53.14:984][  0]SourceControl: Source control is disabled
[2022.09.15-11.53.14:984][  0]SourceControl: Source control is disabled
[2022.09.15-11.53.14:990][  0]SourceControl: Source control is disabled
[2022.09.15-11.53.14:995][  0]SourceControl: Source control is disabled
[2022.09.15-11.53.15:005][  0]SourceControl: Source control is disabled
[2022.09.15-11.53.15:036][  0]LogUProjectInfo: Found projects:
[2022.09.15-11.53.15:430][  0]LogOpenImageDenoise: OIDN starting up
[2022.09.15-11.53.15:510][  0]LogAndroidPermission: UAndroidPermissionCallbackProxy::GetInstance
[2022.09.15-11.53.15:548][  0]LogAudioCaptureCore: Display: No Audio Capture implementations found. Audio input will be silent.
[2022.09.15-11.53.15:548][  0]LogAudioCaptureCore: Display: No Audio Capture implementations found. Audio input will be silent.
[2022.09.15-11.53.15:779][  0]LogCollectionManager: Loaded 0 collections in 0.001865 seconds
[2022.09.15-11.53.15:833][  0]LogFileCache: Scanning file cache for directory 'C:/Users/karlo/OneDrive/Documents/GitHub/DomeProject/Saved/Collections/' took 0.00s
[2022.09.15-11.53.15:833][  0]LogFileCache: Scanning file cache for directory 'C:/Users/karlo/OneDrive/Documents/GitHub/DomeProject/Content/Developers/karlo/Collections/' took 0.00s
[2022.09.15-11.53.15:833][  0]LogFileCache: Scanning file cache for directory 'C:/Users/karlo/OneDrive/Documents/GitHub/DomeProject/Content/Collections/' took 0.00s
[2022.09.15-11.53.15:833][  0]LogOcInput: OculusInput pre-init called
[2022.09.15-11.53.16:257][  0]LogClass: Display: ByteProperty FSubstanceInputDesc::Type is not initialized properly. Module:SubstanceCore File:Classes/SubstanceGraphInstance.h
[2022.09.15-11.53.16:257][  0]LogClass: Display: IntProperty FSubstanceGraphDesc::Index is not initialized properly. Module:SubstanceCore File:Classes/SubstanceInstanceFactory.h
[2022.09.15-11.53.16:258][  0]LogClass: Display: 2 Uninitialized script struct members found including 0 object properties
[2022.09.15-11.53.16:259][  0]LogEngine: Initializing Engine...
[2022.09.15-11.53.16:374][  0]LogHMD: Failed to initialize OpenVR with code 108
[2022.09.15-11.53.16:422][  0]LogHMD: Optional extension XR_VARJO_quad_views is not available
[2022.09.15-11.53.16:422][  0]LogHMD: Warning: Required extension XR_EXT_eye_gaze_interaction is not available
[2022.09.15-11.53.16:422][  0]LogHMD: Could not enable all required OpenXR extensions for OpenXREyeTracker on current system. This plugin will be loaded but ignored, but will be enabled on a target platform that supports the required extension.
[2022.09.15-11.53.16:422][  0]LogHMD: Failed to get an OpenXR system, result is XR_ERROR_FORM_FACTOR_UNAVAILABLE. Please check that your runtime supports VR headsets.
[2022.09.15-11.53.16:422][  0]LogMagicLeap: Warning: VR disabled because ZI is not enabled.  To enable, in the editor, Edit -> Project Settings -> Plugins -> Magic Leap Plugin -> Enable Zero Iteration
[2022.09.15-11.53.16:424][  0]LogStats: UGameplayTagsManager::InitializeManager -  0.000 s
[2022.09.15-11.53.16:578][  0]LogInit: Initializing FReadOnlyCVARCache
[2022.09.15-11.53.16:586][  0]LogAIModule: Creating AISystem for world Untitled
[2022.09.15-11.53.16:599][  0]LogAudio: Display: Initializing Audio Device Manager...
[2022.09.15-11.53.16:603][  0]LogAudio: Display: Loading Default Audio Settings Objects...
[2022.09.15-11.53.16:603][  0]LogAudio: Display: No default SoundConcurrencyObject specified (or failed to load).
[2022.09.15-11.53.16:604][  0]LogAudio: Display: Audio Device Manager Initialized
[2022.09.15-11.53.16:604][  0]LogAudio: Display: Creating Audio Device:                 Id: 1, Scope: Shared, Realtime: True
[2022.09.15-11.53.16:604][  0]LogAudioMixer: Display: Audio Mixer Platform Settings:
[2022.09.15-11.53.16:604][  0]LogAudioMixer: Display: 	Sample Rate:						  48000
[2022.09.15-11.53.16:604][  0]LogAudioMixer: Display: 	Callback Buffer Frame Size Requested: 1024
[2022.09.15-11.53.16:604][  0]LogAudioMixer: Display: 	Callback Buffer Frame Size To Use:	  1024
[2022.09.15-11.53.16:604][  0]LogAudioMixer: Display: 	Number of buffers to queue:			  2
[2022.09.15-11.53.16:604][  0]LogAudioMixer: Display: 	Max Channels (voices):				  32
[2022.09.15-11.53.16:604][  0]LogAudioMixer: Display: 	Number of Async Source Workers:		  0
[2022.09.15-11.53.16:604][  0]LogAudio: Display: AudioDevice MaxSources: 32
[2022.09.15-11.53.16:604][  0]LogAudio: Display: Audio Spatialization Plugin: None (built-in).
[2022.09.15-11.53.16:604][  0]LogAudio: Display: Audio Reverb Plugin: None (built-in).
[2022.09.15-11.53.16:604][  0]LogAudio: Display: Audio Occlusion Plugin: None (built-in).
[2022.09.15-11.53.16:604][  0]LogAudioMixer: Display: Initializing audio mixer.
[2022.09.15-11.53.16:615][  0]LogAudioMixer: Display: 0: FrontLeft
[2022.09.15-11.53.16:615][  0]LogAudioMixer: Display: 1: FrontRight
[2022.09.15-11.53.16:654][  0]LogAudioMixer: Display: Using Audio Device Headset Earphone (Razer Audio Controller - Chat)
[2022.09.15-11.53.16:657][  0]LogAudioMixer: Display: Initializing Sound Submixes...
[2022.09.15-11.53.16:661][  0]LogAudioMixer: Display: Creating Master Submix 'MasterSubmixDefault'
[2022.09.15-11.53.16:661][  0]LogAudioMixer: Display: Creating Master Submix 'MasterReverbSubmixDefault'
[2022.09.15-11.53.16:662][  0]LogAudioMixer: Display: Creating Master Submix 'MasterEQSubmixDefault'
[2022.09.15-11.53.16:662][  0]LogAudioMixer: FMixerPlatformXAudio2::StartAudioStream() called
[2022.09.15-11.53.16:662][  0]LogAudioMixer: Display: Output buffers initialized: Frames=1024, Channels=2, Samples=2048
[2022.09.15-11.53.16:663][  0]LogAudioMixer: Display: Starting AudioMixerPlatformInterface::RunInternal()
[2022.09.15-11.53.16:663][  0]LogAudioMixer: Display: FMixerPlatformXAudio2::SubmitBuffer() called for the first time
[2022.09.15-11.53.16:663][  0]LogInit: FAudioDevice initialized.
[2022.09.15-11.53.16:664][  0]LogAudio: Display: Audio Device (ID: 1) registered with world 'Untitled'.
[2022.09.15-11.53.16:664][  0]LogNetVersion: Set ProjectVersion to 1.0.0.0. Version Checksum will be recalculated on next use.
[2022.09.15-11.53.16:732][  0]LogDerivedDataCache: Saved boot cache 0.07s 97MB C:/Users/karlo/AppData/Local/UnrealEngine/4.27/DerivedDataCache/Boot.ddc.
[2022.09.15-11.53.16:732][  0]LogInit: Texture streaming: Enabled
[2022.09.15-11.53.16:746][  0]LogAnalytics: Display: [UEEditor.Rocket.Release] APIServer = https://datarouter.ol.epicgames.com/. AppVersion = 4.27.2-18319896+++UE4+Release-4.27
[2022.09.15-11.53.16:749][  0]LogEngineSessionManager: EngineSessionManager initialized
[2022.09.15-11.53.16:749][  0]LogEditorSessionSummary: Verbose: Initializing EditorSessionSummaryWriter for editor session tracking
[2022.09.15-11.53.16:750][  0]LogEditorSessionSummary: EditorSessionSummaryWriter initialized
[2022.09.15-11.53.16:782][  0]LogInit: Transaction tracking system initialized
[2022.09.15-11.53.16:804][  0]BlueprintLog: New page: Editor Load
[2022.09.15-11.53.16:866][  0]LocalizationService: Localization service is disabled
[2022.09.15-11.53.16:889][  0]TimingProfiler: Initialize
[2022.09.15-11.53.16:889][  0]TimingProfiler: OnSessionChanged
[2022.09.15-11.53.16:890][  0]LoadingProfiler: Initialize
[2022.09.15-11.53.16:890][  0]LoadingProfiler: OnSessionChanged
[2022.09.15-11.53.16:890][  0]NetworkingProfiler: Initialize
[2022.09.15-11.53.16:890][  0]NetworkingProfiler: OnSessionChanged
[2022.09.15-11.53.16:890][  0]MemoryProfiler: Initialize
[2022.09.15-11.53.16:890][  0]MemoryProfiler: OnSessionChanged
[2022.09.15-11.53.17:039][  0]LogCook: Display: CookSettings for Memory: MemoryMaxUsedVirtual 0MiB, MemoryMaxUsedPhysical 16384MiB, MemoryMinFreeVirtual 0MiB, MemoryMinFreePhysical 1024MiB
[2022.09.15-11.53.17:039][  0]LogCook: Display: Mobile HDR setting 1
[2022.09.15-11.53.17:087][  0]LogFileCache: Scanning file cache for directory 'C:/Users/karlo/OneDrive/Documents/GitHub/DomeProject/Content/' took 0.01s
[2022.09.15-11.53.17:619][  0]LogInit: Display: Engine is initialized. Leaving FEngineLoop::Init()
[2022.09.15-11.53.17:621][  0]SourceControl: Source control is disabled
[2022.09.15-11.53.17:621][  0]LogUnrealEdMisc: Loading editor; pre map load, took 18.161
[2022.09.15-11.53.17:621][  0]Cmd: MAP LOAD FILE="../../../Engine/Content/Maps/Templates/Template_Default.umap" TEMPLATE=1 SHOWPROGRESS=1 FEATURELEVEL=3
[2022.09.15-11.53.17:622][  0]LightingResults: New page: Lighting Build
[2022.09.15-11.53.17:623][  0]LogWorld: UWorld::CleanupWorld for Untitled, bSessionEnded=true, bCleanupResources=true
[2022.09.15-11.53.17:635][  0]LogSlate: InvalidateAllWidgets triggered.  All widgets were invalidated
[2022.09.15-11.53.17:635][  0]MapCheck: New page: Map Check
[2022.09.15-11.53.17:635][  0]LightingResults: New page: Lighting Build
[2022.09.15-11.53.17:642][  0]LogAudio: Display: Audio Device unregistered from world 'None'.
[2022.09.15-11.53.17:647][  0]LogUObjectHash: Compacting FUObjectHashTables data took   0.98ms
[2022.09.15-11.53.17:684][  0]LogTexture: Display: Building textures: DeprecatedTextureEB9CBE3C423008B5E8E130901E171C89 (BGRA8, 128X128)
[2022.09.15-11.53.17:691][  0]LogAudio: Display: Audio Device (ID: 1) registered with world 'Untitled_1'.
[2022.09.15-11.53.17:692][  0]LogAIModule: Creating AISystem for world Untitled_1
[2022.09.15-11.53.17:700][  0]LogEditorServer: Finished looking for orphan Actors (0.000 secs)
[2022.09.15-11.53.17:705][  0]LogUObjectHash: Compacting FUObjectHashTables data took   0.86ms
[2022.09.15-11.53.17:705][  0]Cmd: MAP CHECKDEP NOCLEARLOG
[2022.09.15-11.53.17:706][  0]MapCheck: Map check complete: 0 Error(s), 0 Warning(s), took 0.151ms to complete.
[2022.09.15-11.53.17:706][  0]LogFileHelpers: Loading map 'Template_Default' took 0.084
[2022.09.15-11.53.17:709][  0]LogAssetRegistry: Flushing asset discovery search because of synchronous request, this can take several seconds...
[2022.09.15-11.53.17:738][  0]LogAssetRegistry: Asset discovery search completed in 0.0290 seconds
[2022.09.15-11.53.17:744][  0]LogCollectionManager: Fixed up redirectors for 0 collections in 0.000002 seconds (updated 0 objects)
[2022.09.15-11.53.17:745][  0]LogUnrealEdMisc: Total Editor Startup Time, took 18.285
[2022.09.15-11.53.17:835][  0]LogSlate: Updating window title bar state: overlay mode, drag disabled, window buttons hidden, title bar hidden
[2022.09.15-11.53.17:841][  0]LogSlate: Updating window title bar state: overlay mode, drag disabled, window buttons hidden, title bar hidden
[2022.09.15-11.53.17:846][  0]LogSlate: Updating window title bar state: overlay mode, drag disabled, window buttons hidden, title bar hidden
[2022.09.15-11.53.17:851][  0]LogSlate: Updating window title bar state: overlay mode, drag disabled, window buttons hidden, title bar hidden
[2022.09.15-11.53.17:865][  0]LogNativeClassHierarchy: Verbose: Native class hierarchy populated in 0.0096 seconds. Added 3834 classes and 938 folders.
[2022.09.15-11.53.17:867][  0]LogNativeClassHierarchy: Verbose: Native class hierarchy updated for 'WidgetCarousel' in 0.0003 seconds. Added 0 classes and 0 folders.
[2022.09.15-11.53.17:869][  0]LogPakFile: PakFile PrimaryIndexSize=187
[2022.09.15-11.53.17:869][  0]LogPakFile: PakFile PathHashIndexSize=101
[2022.09.15-11.53.17:869][  0]LogPakFile: PakFile FullDirectoryIndexSize=148
[2022.09.15-11.53.17:869][  0]LogShaderLibrary: Display: ShaderCodeLibraryPakFileMountedCallback: PakFile 'D:/UE_4.27/FeaturePacks/FP_FirstPerson.upack' (chunk index -1, root 'root:/') mounted
[2022.09.15-11.53.17:869][  0]LogShaderLibrary: Display: ShaderCodeLibraryPakFileMountedCallback: pending pak file info (ChunkID:-1 Root:root:/ File:D:/UE_4.27/FeaturePacks/FP_FirstPerson.upack)
[2022.09.15-11.53.17:869][  0]LogPakFile: OnPakFileMounted2Time == 0.000046
[2022.09.15-11.53.17:870][  0]LogPakFile: PakFile PrimaryIndexSize=189
[2022.09.15-11.53.17:870][  0]LogPakFile: PakFile PathHashIndexSize=101
[2022.09.15-11.53.17:870][  0]LogPakFile: PakFile FullDirectoryIndexSize=152
[2022.09.15-11.53.17:870][  0]LogShaderLibrary: Display: ShaderCodeLibraryPakFileMountedCallback: PakFile 'D:/UE_4.27/FeaturePacks/FP_FirstPersonBP.upack' (chunk index -1, root 'root:/') mounted
[2022.09.15-11.53.17:870][  0]LogShaderLibrary: Display: ShaderCodeLibraryPakFileMountedCallback: pending pak file info (ChunkID:-1 Root:root:/ File:D:/UE_4.27/FeaturePacks/FP_FirstPersonBP.upack)
[2022.09.15-11.53.17:870][  0]LogPakFile: OnPakFileMounted2Time == 0.000028
[2022.09.15-11.53.17:870][  0]LogPakFile: PakFile PrimaryIndexSize=191
[2022.09.15-11.53.17:870][  0]LogPakFile: PakFile PathHashIndexSize=101
[2022.09.15-11.53.17:870][  0]LogPakFile: PakFile FullDirectoryIndexSize=160
[2022.09.15-11.53.17:870][  0]LogShaderLibrary: Display: ShaderCodeLibraryPakFileMountedCallback: PakFile 'D:/UE_4.27/FeaturePacks/MobileStarterContent.upack' (chunk index -1, root 'root:/') mounted
[2022.09.15-11.53.17:870][  0]LogShaderLibrary: Display: ShaderCodeLibraryPakFileMountedCallback: pending pak file info (ChunkID:-1 Root:root:/ File:D:/UE_4.27/FeaturePacks/MobileStarterContent.upack)
[2022.09.15-11.53.17:870][  0]LogPakFile: OnPakFileMounted2Time == 0.000028
[2022.09.15-11.53.17:871][  0]LogPakFile: PakFile PrimaryIndexSize=185
[2022.09.15-11.53.17:871][  0]LogPakFile: PakFile PathHashIndexSize=101
[2022.09.15-11.53.17:871][  0]LogPakFile: PakFile FullDirectoryIndexSize=148
[2022.09.15-11.53.17:871][  0]LogShaderLibrary: Display: ShaderCodeLibraryPakFileMountedCallback: PakFile 'D:/UE_4.27/FeaturePacks/StarterContent.upack' (chunk index -1, root 'root:/') mounted
[2022.09.15-11.53.17:871][  0]LogShaderLibrary: Display: ShaderCodeLibraryPakFileMountedCallback: pending pak file info (ChunkID:-1 Root:root:/ File:D:/UE_4.27/FeaturePacks/StarterContent.upack)
[2022.09.15-11.53.17:871][  0]LogPakFile: OnPakFileMounted2Time == 0.000029
[2022.09.15-11.53.17:871][  0]LogPakFile: PakFile PrimaryIndexSize=190
[2022.09.15-11.53.17:871][  0]LogPakFile: PakFile PathHashIndexSize=101
[2022.09.15-11.53.17:871][  0]LogPakFile: PakFile FullDirectoryIndexSize=154
[2022.09.15-11.53.17:871][  0]LogShaderLibrary: Display: ShaderCodeLibraryPakFileMountedCallback: PakFile 'D:/UE_4.27/FeaturePacks/TP_2DSideScroller.upack' (chunk index -1, root 'root:/') mounted
[2022.09.15-11.53.17:871][  0]LogShaderLibrary: Display: ShaderCodeLibraryPakFileMountedCallback: pending pak file info (ChunkID:-1 Root:root:/ File:D:/UE_4.27/FeaturePacks/TP_2DSideScroller.upack)
[2022.09.15-11.53.17:872][  0]LogPakFile: OnPakFileMounted2Time == 0.000030
[2022.09.15-11.53.17:872][  0]LogPakFile: PakFile PrimaryIndexSize=192
[2022.09.15-11.53.17:872][  0]LogPakFile: PakFile PathHashIndexSize=101
[2022.09.15-11.53.17:872][  0]LogPakFile: PakFile FullDirectoryIndexSize=158
[2022.09.15-11.53.17:872][  0]LogShaderLibrary: Display: ShaderCodeLibraryPakFileMountedCallback: PakFile 'D:/UE_4.27/FeaturePacks/TP_2DSideScrollerBP.upack' (chunk index -1, root 'root:/') mounted
[2022.09.15-11.53.17:872][  0]LogShaderLibrary: Display: ShaderCodeLibraryPakFileMountedCallback: pending pak file info (ChunkID:-1 Root:root:/ File:D:/UE_4.27/FeaturePacks/TP_2DSideScrollerBP.upack)
[2022.09.15-11.53.17:872][  0]LogPakFile: OnPakFileMounted2Time == 0.000027
[2022.09.15-11.53.17:873][  0]LogPakFile: PakFile PrimaryIndexSize=182
[2022.09.15-11.53.17:873][  0]LogPakFile: PakFile PathHashIndexSize=101
[2022.09.15-11.53.17:873][  0]LogPakFile: PakFile FullDirectoryIndexSize=138
[2022.09.15-11.53.17:873][  0]LogShaderLibrary: Display: ShaderCodeLibraryPakFileMountedCallback: PakFile 'D:/UE_4.27/FeaturePacks/TP_Flying.upack' (chunk index -1, root 'root:/') mounted
[2022.09.15-11.53.17:873][  0]LogShaderLibrary: Display: ShaderCodeLibraryPakFileMountedCallback: pending pak file info (ChunkID:-1 Root:root:/ File:D:/UE_4.27/FeaturePacks/TP_Flying.upack)
[2022.09.15-11.53.17:873][  0]LogPakFile: OnPakFileMounted2Time == 0.000027
[2022.09.15-11.53.17:873][  0]LogPakFile: PakFile PrimaryIndexSize=184
[2022.09.15-11.53.17:873][  0]LogPakFile: PakFile PathHashIndexSize=101
[2022.09.15-11.53.17:873][  0]LogPakFile: PakFile FullDirectoryIndexSize=142
[2022.09.15-11.53.17:873][  0]LogShaderLibrary: Display: ShaderCodeLibraryPakFileMountedCallback: PakFile 'D:/UE_4.27/FeaturePacks/TP_FlyingBP.upack' (chunk index -1, root 'root:/') mounted
[2022.09.15-11.53.17:873][  0]LogShaderLibrary: Display: ShaderCodeLibraryPakFileMountedCallback: pending pak file info (ChunkID:-1 Root:root:/ File:D:/UE_4.27/FeaturePacks/TP_FlyingBP.upack)
[2022.09.15-11.53.17:873][  0]LogPakFile: OnPakFileMounted2Time == 0.000027
[2022.09.15-11.53.17:874][  0]LogPakFile: PakFile PrimaryIndexSize=188
[2022.09.15-11.53.17:874][  0]LogPakFile: PakFile PathHashIndexSize=101
[2022.09.15-11.53.17:874][  0]LogPakFile: PakFile FullDirectoryIndexSize=150
[2022.09.15-11.53.17:874][  0]LogShaderLibrary: Display: ShaderCodeLibraryPakFileMountedCallback: PakFile 'D:/UE_4.27/FeaturePacks/TP_HandheldARBP.upack' (chunk index -1, root 'root:/') mounted
[2022.09.15-11.53.17:874][  0]LogShaderLibrary: Display: ShaderCodeLibraryPakFileMountedCallback: pending pak file info (ChunkID:-1 Root:root:/ File:D:/UE_4.27/FeaturePacks/TP_HandheldARBP.upack)
[2022.09.15-11.53.17:874][  0]LogPakFile: OnPakFileMounted2Time == 0.000027
[2022.09.15-11.53.17:875][  0]LogPakFile: PakFile PrimaryIndexSize=182
[2022.09.15-11.53.17:875][  0]LogPakFile: PakFile PathHashIndexSize=101
[2022.09.15-11.53.17:875][  0]LogPakFile: PakFile FullDirectoryIndexSize=138
[2022.09.15-11.53.17:875][  0]LogShaderLibrary: Display: ShaderCodeLibraryPakFileMountedCallback: PakFile 'D:/UE_4.27/FeaturePacks/TP_Puzzle.upack' (chunk index -1, root 'root:/') mounted
[2022.09.15-11.53.17:875][  0]LogShaderLibrary: Display: ShaderCodeLibraryPakFileMountedCallback: pending pak file info (ChunkID:-1 Root:root:/ File:D:/UE_4.27/FeaturePacks/TP_Puzzle.upack)
[2022.09.15-11.53.17:875][  0]LogPakFile: OnPakFileMounted2Time == 0.000027
[2022.09.15-11.53.17:875][  0]LogPakFile: PakFile PrimaryIndexSize=184
[2022.09.15-11.53.17:875][  0]LogPakFile: PakFile PathHashIndexSize=101
[2022.09.15-11.53.17:875][  0]LogPakFile: PakFile FullDirectoryIndexSize=142
[2022.09.15-11.53.17:875][  0]LogShaderLibrary: Display: ShaderCodeLibraryPakFileMountedCallback: PakFile 'D:/UE_4.27/FeaturePacks/TP_PuzzleBP.upack' (chunk index -1, root 'root:/') mounted
[2022.09.15-11.53.17:875][  0]LogShaderLibrary: Display: ShaderCodeLibraryPakFileMountedCallback: pending pak file info (ChunkID:-1 Root:root:/ File:D:/UE_4.27/FeaturePacks/TP_PuzzleBP.upack)
[2022.09.15-11.53.17:875][  0]LogPakFile: OnPakFileMounted2Time == 0.000027
[2022.09.15-11.53.17:876][  0]LogPakFile: PakFile PrimaryIndexSize=183
[2022.09.15-11.53.17:876][  0]LogPakFile: PakFile PathHashIndexSize=101
[2022.09.15-11.53.17:876][  0]LogPakFile: PakFile FullDirectoryIndexSize=140
[2022.09.15-11.53.17:876][  0]LogShaderLibrary: Display: ShaderCodeLibraryPakFileMountedCallback: PakFile 'D:/UE_4.27/FeaturePacks/TP_Rolling.upack' (chunk index -1, root 'root:/') mounted
[2022.09.15-11.53.17:876][  0]LogShaderLibrary: Display: ShaderCodeLibraryPakFileMountedCallback: pending pak file info (ChunkID:-1 Root:root:/ File:D:/UE_4.27/FeaturePacks/TP_Rolling.upack)
[2022.09.15-11.53.17:876][  0]LogPakFile: OnPakFileMounted2Time == 0.000027
[2022.09.15-11.53.17:876][  0]LogPakFile: PakFile PrimaryIndexSize=185
[2022.09.15-11.53.17:876][  0]LogPakFile: PakFile PathHashIndexSize=101
[2022.09.15-11.53.17:876][  0]LogPakFile: PakFile FullDirectoryIndexSize=144
[2022.09.15-11.53.17:876][  0]LogShaderLibrary: Display: ShaderCodeLibraryPakFileMountedCallback: PakFile 'D:/UE_4.27/FeaturePacks/TP_RollingBP.upack' (chunk index -1, root 'root:/') mounted
[2022.09.15-11.53.17:876][  0]LogShaderLibrary: Display: ShaderCodeLibraryPakFileMountedCallback: pending pak file info (ChunkID:-1 Root:root:/ File:D:/UE_4.27/FeaturePacks/TP_RollingBP.upack)
[2022.09.15-11.53.17:876][  0]LogPakFile: OnPakFileMounted2Time == 0.000027
[2022.09.15-11.53.17:877][  0]LogPakFile: PakFile PrimaryIndexSize=188
[2022.09.15-11.53.17:877][  0]LogPakFile: PakFile PathHashIndexSize=101
[2022.09.15-11.53.17:877][  0]LogPakFile: PakFile FullDirectoryIndexSize=150
[2022.09.15-11.53.17:877][  0]LogShaderLibrary: Display: ShaderCodeLibraryPakFileMountedCallback: PakFile 'D:/UE_4.27/FeaturePacks/TP_SideScroller.upack' (chunk index -1, root 'root:/') mounted
[2022.09.15-11.53.17:877][  0]LogShaderLibrary: Display: ShaderCodeLibraryPakFileMountedCallback: pending pak file info (ChunkID:-1 Root:root:/ File:D:/UE_4.27/FeaturePacks/TP_SideScroller.upack)
[2022.09.15-11.53.17:877][  0]LogPakFile: OnPakFileMounted2Time == 0.000027
[2022.09.15-11.53.17:878][  0]LogPakFile: PakFile PrimaryIndexSize=190
[2022.09.15-11.53.17:878][  0]LogPakFile: PakFile PathHashIndexSize=101
[2022.09.15-11.53.17:878][  0]LogPakFile: PakFile FullDirectoryIndexSize=154
[2022.09.15-11.53.17:878][  0]LogShaderLibrary: Display: ShaderCodeLibraryPakFileMountedCallback: PakFile 'D:/UE_4.27/FeaturePacks/TP_SideScrollerBP.upack' (chunk index -1, root 'root:/') mounted
[2022.09.15-11.53.17:878][  0]LogShaderLibrary: Display: ShaderCodeLibraryPakFileMountedCallback: pending pak file info (ChunkID:-1 Root:root:/ File:D:/UE_4.27/FeaturePacks/TP_SideScrollerBP.upack)
[2022.09.15-11.53.17:878][  0]LogPakFile: OnPakFileMounted2Time == 0.000029
[2022.09.15-11.53.17:878][  0]LogPakFile: PakFile PrimaryIndexSize=187
[2022.09.15-11.53.17:878][  0]LogPakFile: PakFile PathHashIndexSize=101
[2022.09.15-11.53.17:878][  0]LogPakFile: PakFile FullDirectoryIndexSize=148
[2022.09.15-11.53.17:878][  0]LogShaderLibrary: Display: ShaderCodeLibraryPakFileMountedCallback: PakFile 'D:/UE_4.27/FeaturePacks/TP_ThirdPerson.upack' (chunk index -1, root 'root:/') mounted
[2022.09.15-11.53.17:878][  0]LogShaderLibrary: Display: ShaderCodeLibraryPakFileMountedCallback: pending pak file info (ChunkID:-1 Root:root:/ File:D:/UE_4.27/FeaturePacks/TP_ThirdPerson.upack)
[2022.09.15-11.53.17:878][  0]LogPakFile: OnPakFileMounted2Time == 0.000027
[2022.09.15-11.53.17:879][  0]LogPakFile: PakFile PrimaryIndexSize=189
[2022.09.15-11.53.17:879][  0]LogPakFile: PakFile PathHashIndexSize=101
[2022.09.15-11.53.17:879][  0]LogPakFile: PakFile FullDirectoryIndexSize=152
[2022.09.15-11.53.17:879][  0]LogShaderLibrary: Display: ShaderCodeLibraryPakFileMountedCallback: PakFile 'D:/UE_4.27/FeaturePacks/TP_ThirdPersonBP.upack' (chunk index -1, root 'root:/') mounted
[2022.09.15-11.53.17:879][  0]LogShaderLibrary: Display: ShaderCodeLibraryPakFileMountedCallback: pending pak file info (ChunkID:-1 Root:root:/ File:D:/UE_4.27/FeaturePacks/TP_ThirdPersonBP.upack)
[2022.09.15-11.53.17:879][  0]LogPakFile: OnPakFileMounted2Time == 0.000027
[2022.09.15-11.53.17:879][  0]LogPakFile: PakFile PrimaryIndexSize=183
[2022.09.15-11.53.17:879][  0]LogPakFile: PakFile PathHashIndexSize=101
[2022.09.15-11.53.17:879][  0]LogPakFile: PakFile FullDirectoryIndexSize=140
[2022.09.15-11.53.17:879][  0]LogShaderLibrary: Display: ShaderCodeLibraryPakFileMountedCallback: PakFile 'D:/UE_4.27/FeaturePacks/TP_TopDown.upack' (chunk index -1, root 'root:/') mounted
[2022.09.15-11.53.17:879][  0]LogShaderLibrary: Display: ShaderCodeLibraryPakFileMountedCallback: pending pak file info (ChunkID:-1 Root:root:/ File:D:/UE_4.27/FeaturePacks/TP_TopDown.upack)
[2022.09.15-11.53.17:879][  0]LogPakFile: OnPakFileMounted2Time == 0.000031
[2022.09.15-11.53.17:880][  0]LogPakFile: PakFile PrimaryIndexSize=185
[2022.09.15-11.53.17:880][  0]LogPakFile: PakFile PathHashIndexSize=101
[2022.09.15-11.53.17:880][  0]LogPakFile: PakFile FullDirectoryIndexSize=144
[2022.09.15-11.53.17:880][  0]LogShaderLibrary: Display: ShaderCodeLibraryPakFileMountedCallback: PakFile 'D:/UE_4.27/FeaturePacks/TP_TopDownBP.upack' (chunk index -1, root 'root:/') mounted
[2022.09.15-11.53.17:880][  0]LogShaderLibrary: Display: ShaderCodeLibraryPakFileMountedCallback: pending pak file info (ChunkID:-1 Root:root:/ File:D:/UE_4.27/FeaturePacks/TP_TopDownBP.upack)
[2022.09.15-11.53.17:880][  0]LogPakFile: OnPakFileMounted2Time == 0.000027
[2022.09.15-11.53.17:881][  0]LogPakFile: PakFile PrimaryIndexSize=185
[2022.09.15-11.53.17:881][  0]LogPakFile: PakFile PathHashIndexSize=101
[2022.09.15-11.53.17:881][  0]LogPakFile: PakFile FullDirectoryIndexSize=144
[2022.09.15-11.53.17:881][  0]LogShaderLibrary: Display: ShaderCodeLibraryPakFileMountedCallback: PakFile 'D:/UE_4.27/FeaturePacks/TP_TwinStick.upack' (chunk index -1, root 'root:/') mounted
[2022.09.15-11.53.17:881][  0]LogShaderLibrary: Display: ShaderCodeLibraryPakFileMountedCallback: pending pak file info (ChunkID:-1 Root:root:/ File:D:/UE_4.27/FeaturePacks/TP_TwinStick.upack)
[2022.09.15-11.53.17:881][  0]LogPakFile: OnPakFileMounted2Time == 0.000027
[2022.09.15-11.53.17:881][  0]LogPakFile: PakFile PrimaryIndexSize=187
[2022.09.15-11.53.17:881][  0]LogPakFile: PakFile PathHashIndexSize=101
[2022.09.15-11.53.17:881][  0]LogPakFile: PakFile FullDirectoryIndexSize=148
[2022.09.15-11.53.17:881][  0]LogShaderLibrary: Display: ShaderCodeLibraryPakFileMountedCallback: PakFile 'D:/UE_4.27/FeaturePacks/TP_TwinStickBP.upack' (chunk index -1, root 'root:/') mounted
[2022.09.15-11.53.17:881][  0]LogShaderLibrary: Display: ShaderCodeLibraryPakFileMountedCallback: pending pak file info (ChunkID:-1 Root:root:/ File:D:/UE_4.27/FeaturePacks/TP_TwinStickBP.upack)
[2022.09.15-11.53.17:881][  0]LogPakFile: OnPakFileMounted2Time == 0.000027
[2022.09.15-11.53.17:882][  0]LogPakFile: PakFile PrimaryIndexSize=183
[2022.09.15-11.53.17:882][  0]LogPakFile: PakFile PathHashIndexSize=101
[2022.09.15-11.53.17:882][  0]LogPakFile: PakFile FullDirectoryIndexSize=140
[2022.09.15-11.53.17:882][  0]LogShaderLibrary: Display: ShaderCodeLibraryPakFileMountedCallback: PakFile 'D:/UE_4.27/FeaturePacks/TP_Vehicle.upack' (chunk index -1, root 'root:/') mounted
[2022.09.15-11.53.17:882][  0]LogShaderLibrary: Display: ShaderCodeLibraryPakFileMountedCallback: pending pak file info (ChunkID:-1 Root:root:/ File:D:/UE_4.27/FeaturePacks/TP_Vehicle.upack)
[2022.09.15-11.53.17:882][  0]LogPakFile: OnPakFileMounted2Time == 0.000027
[2022.09.15-11.53.17:882][  0]LogPakFile: PakFile PrimaryIndexSize=186
[2022.09.15-11.53.17:882][  0]LogPakFile: PakFile PathHashIndexSize=101
[2022.09.15-11.53.17:882][  0]LogPakFile: PakFile FullDirectoryIndexSize=146
[2022.09.15-11.53.17:882][  0]LogShaderLibrary: Display: ShaderCodeLibraryPakFileMountedCallback: PakFile 'D:/UE_4.27/FeaturePacks/TP_VehicleAdv.upack' (chunk index -1, root 'root:/') mounted
[2022.09.15-11.53.17:882][  0]LogShaderLibrary: Display: ShaderCodeLibraryPakFileMountedCallback: pending pak file info (ChunkID:-1 Root:root:/ File:D:/UE_4.27/FeaturePacks/TP_VehicleAdv.upack)
[2022.09.15-11.53.17:882][  0]LogPakFile: OnPakFileMounted2Time == 0.000027
[2022.09.15-11.53.17:883][  0]LogPakFile: PakFile PrimaryIndexSize=188
[2022.09.15-11.53.17:883][  0]LogPakFile: PakFile PathHashIndexSize=101
[2022.09.15-11.53.17:883][  0]LogPakFile: PakFile FullDirectoryIndexSize=150
[2022.09.15-11.53.17:883][  0]LogShaderLibrary: Display: ShaderCodeLibraryPakFileMountedCallback: PakFile 'D:/UE_4.27/FeaturePacks/TP_VehicleAdvBP.upack' (chunk index -1, root 'root:/') mounted
[2022.09.15-11.53.17:883][  0]LogShaderLibrary: Display: ShaderCodeLibraryPakFileMountedCallback: pending pak file info (ChunkID:-1 Root:root:/ File:D:/UE_4.27/FeaturePacks/TP_VehicleAdvBP.upack)
[2022.09.15-11.53.17:883][  0]LogPakFile: OnPakFileMounted2Time == 0.000027
[2022.09.15-11.53.17:884][  0]LogPakFile: PakFile PrimaryIndexSize=185
[2022.09.15-11.53.17:884][  0]LogPakFile: PakFile PathHashIndexSize=101
[2022.09.15-11.53.17:884][  0]LogPakFile: PakFile FullDirectoryIndexSize=144
[2022.09.15-11.53.17:884][  0]LogShaderLibrary: Display: ShaderCodeLibraryPakFileMountedCallback: PakFile 'D:/UE_4.27/FeaturePacks/TP_VehicleBP.upack' (chunk index -1, root 'root:/') mounted
[2022.09.15-11.53.17:884][  0]LogShaderLibrary: Display: ShaderCodeLibraryPakFileMountedCallback: pending pak file info (ChunkID:-1 Root:root:/ File:D:/UE_4.27/FeaturePacks/TP_VehicleBP.upack)
[2022.09.15-11.53.17:884][  0]LogPakFile: OnPakFileMounted2Time == 0.000047
[2022.09.15-11.53.17:884][  0]LogPakFile: PakFile PrimaryIndexSize=192
[2022.09.15-11.53.17:884][  0]LogPakFile: PakFile PathHashIndexSize=101
[2022.09.15-11.53.17:884][  0]LogPakFile: PakFile FullDirectoryIndexSize=158
[2022.09.15-11.53.17:884][  0]LogShaderLibrary: Display: ShaderCodeLibraryPakFileMountedCallback: PakFile 'D:/UE_4.27/FeaturePacks/TP_VirtualRealityBP.upack' (chunk index -1, root 'root:/') mounted
[2022.09.15-11.53.17:884][  0]LogShaderLibrary: Display: ShaderCodeLibraryPakFileMountedCallback: pending pak file info (ChunkID:-1 Root:root:/ File:D:/UE_4.27/FeaturePacks/TP_VirtualRealityBP.upack)
[2022.09.15-11.53.17:884][  0]LogPakFile: OnPakFileMounted2Time == 0.000027
[2022.09.15-11.53.17:943][  0]LogNativeClassHierarchy: Verbose: Native class hierarchy updated for 'AddContentDialog' in 0.0003 seconds. Added 0 classes and 0 folders.
[2022.09.15-11.53.17:998][  0]LogNativeClassHierarchy: Verbose: Native class hierarchy updated for 'SceneOutliner' in 0.0003 seconds. Added 2 classes and 0 folders.
[2022.09.15-11.53.18:016][  0]LogSlate: Took 0.000224 seconds to synchronously load lazily loaded font '../../../Engine/Content/Slate/Fonts/Roboto-Regular.ttf' (155K)
[2022.09.15-11.53.18:017][  0]LogSlate: Took 0.000150 seconds to synchronously load lazily loaded font '../../../Engine/Content/Editor/Slate/Fonts/FontAwesome.ttf' (139K)
[2022.09.15-11.53.18:018][  0]LogSlate: Took 0.000128 seconds to synchronously load lazily loaded font '../../../Engine/Content/Slate/Fonts/Roboto-Bold.ttf' (160K)
[2022.09.15-11.53.18:097][  0]LogRenderer: Reallocating scene render targets to support 1208x700 Format 10 NumSamples 1 (Frame:1).
[2022.09.15-11.53.18:138][  0]LogSlate: Took 0.000245 seconds to synchronously load lazily loaded font '../../../Engine/Content/Slate/Fonts/Roboto-Light.ttf' (167K)
[2022.09.15-11.53.18:207][  0]LogNativeClassHierarchy: Verbose: Native class hierarchy updated for 'HierarchicalLODOutliner' in 0.0003 seconds. Added 0 classes and 0 folders.
[2022.09.15-11.53.18:207][  0]LogLoad: (Engine Initialization) Total time: 18.75 seconds
[2022.09.15-11.53.18:207][  0]LogLoad: (Engine Initialization) Total Blueprint compile time: 0.00 seconds
[2022.09.15-11.53.18:561][  0]LogContentStreaming: Texture pool size now 1000 MB
